{"/home/rashid/Music/nepserv/tasks/back/src/app.js": {"path":"/home/rashid/Music/nepserv/tasks/back/src/app.js","statementMap":{"0":{"start":{"line":4,"column":12},"end":{"line":4,"column":21}},"1":{"start":{"line":6,"column":0},"end":{"line":6,"column":31}},"2":{"start":{"line":7,"column":0},"end":{"line":7,"column":35}},"3":{"start":{"line":9,"column":13},"end":{"line":9,"column":37}},"4":{"start":{"line":11,"column":15},"end":{"line":11,"column":75}},"5":{"start":{"line":12,"column":0},"end":{"line":12,"column":24}}},"fnMap":{},"branchMap":{"0":{"loc":{"start":{"line":9,"column":13},"end":{"line":9,"column":37}},"type":"binary-expr","locations":[{"start":{"line":9,"column":13},"end":{"line":9,"column":29}},{"start":{"line":9,"column":33},"end":{"line":9,"column":37}}],"line":9}},"s":{"0":1,"1":1,"2":1,"3":1,"4":1,"5":1},"f":{},"b":{"0":[1,1]},"_coverageSchema":"1a1c01bbd47fc00a2c39e90264f33305004495a9","hash":"297b87891994b1dd90758dbd8fccfe45bf4e8b2a"}
,"/home/rashid/Music/nepserv/tasks/back/src/mult.js": {"path":"/home/rashid/Music/nepserv/tasks/back/src/mult.js","statementMap":{"0":{"start":{"line":4,"column":16},"end":{"line":11,"column":2}},"1":{"start":{"line":6,"column":4},"end":{"line":6,"column":44}},"2":{"start":{"line":9,"column":4},"end":{"line":9,"column":51}},"3":{"start":{"line":13,"column":15},"end":{"line":13,"column":74}}},"fnMap":{"0":{"name":"(anonymous_0)","decl":{"start":{"line":5,"column":2},"end":{"line":5,"column":3}},"loc":{"start":{"line":5,"column":29},"end":{"line":7,"column":3}},"line":5},"1":{"name":"(anonymous_1)","decl":{"start":{"line":8,"column":2},"end":{"line":8,"column":3}},"loc":{"start":{"line":8,"column":26},"end":{"line":10,"column":3}},"line":8}},"branchMap":{},"s":{"0":1,"1":0,"2":0,"3":1},"f":{"0":0,"1":0},"b":{},"_coverageSchema":"1a1c01bbd47fc00a2c39e90264f33305004495a9","hash":"b82196c93cd2ae7ef87691b8f850cde6764550fb"}
,"/home/rashid/Music/nepserv/tasks/back/src/controllers/authContraller.js": {"path":"/home/rashid/Music/nepserv/tasks/back/src/controllers/authContraller.js","statementMap":{"0":{"start":{"line":10,"column":23},"end":{"line":184,"column":1}},"1":{"start":{"line":12,"column":21},"end":{"line":12,"column":52}},"2":{"start":{"line":14,"column":4},"end":{"line":16,"column":5}},"3":{"start":{"line":15,"column":6},"end":{"line":15,"column":76}},"4":{"start":{"line":18,"column":4},"end":{"line":18,"column":65}},"5":{"start":{"line":21,"column":17},"end":{"line":27,"column":6}},"6":{"start":{"line":29,"column":22},"end":{"line":29,"column":56}},"7":{"start":{"line":30,"column":4},"end":{"line":32,"column":5}},"8":{"start":{"line":31,"column":6},"end":{"line":31,"column":73}},"9":{"start":{"line":34,"column":31},"end":{"line":34,"column":68}},"10":{"start":{"line":35,"column":4},"end":{"line":39,"column":5}},"11":{"start":{"line":36,"column":6},"end":{"line":38,"column":63}},"12":{"start":{"line":41,"column":26},"end":{"line":41,"column":70}},"13":{"start":{"line":42,"column":4},"end":{"line":46,"column":5}},"14":{"start":{"line":43,"column":6},"end":{"line":45,"column":68}},"15":{"start":{"line":48,"column":22},"end":{"line":48,"column":64}},"16":{"start":{"line":49,"column":4},"end":{"line":53,"column":5}},"17":{"start":{"line":50,"column":6},"end":{"line":52,"column":75}},"18":{"start":{"line":55,"column":4},"end":{"line":55,"column":64}},"19":{"start":{"line":57,"column":19},"end":{"line":57,"column":53}},"20":{"start":{"line":59,"column":4},"end":{"line":63,"column":7}},"21":{"start":{"line":67,"column":17},"end":{"line":67,"column":56}},"22":{"start":{"line":69,"column":22},"end":{"line":69,"column":56}},"23":{"start":{"line":70,"column":4},"end":{"line":72,"column":5}},"24":{"start":{"line":71,"column":6},"end":{"line":71,"column":73}},"25":{"start":{"line":74,"column":28},"end":{"line":74,"column":65}},"26":{"start":{"line":76,"column":4},"end":{"line":80,"column":5}},"27":{"start":{"line":77,"column":6},"end":{"line":79,"column":67}},"28":{"start":{"line":83,"column":6},"end":{"line":83,"column":24}},"29":{"start":{"line":86,"column":6},"end":{"line":86,"column":71}},"30":{"start":{"line":88,"column":29},"end":{"line":88,"column":74}},"31":{"start":{"line":90,"column":4},"end":{"line":94,"column":5}},"32":{"start":{"line":91,"column":6},"end":{"line":93,"column":70}},"33":{"start":{"line":96,"column":18},"end":{"line":102,"column":5}},"34":{"start":{"line":103,"column":4},"end":{"line":111,"column":9}},"35":{"start":{"line":115,"column":17},"end":{"line":115,"column":60}},"36":{"start":{"line":117,"column":22},"end":{"line":117,"column":65}},"37":{"start":{"line":118,"column":4},"end":{"line":120,"column":5}},"38":{"start":{"line":119,"column":6},"end":{"line":119,"column":73}},"39":{"start":{"line":122,"column":31},"end":{"line":122,"column":68}},"40":{"start":{"line":123,"column":4},"end":{"line":128,"column":5}},"41":{"start":{"line":124,"column":6},"end":{"line":127,"column":9}},"42":{"start":{"line":129,"column":4},"end":{"line":129,"column":62}},"43":{"start":{"line":131,"column":47},"end":{"line":131,"column":68}},"44":{"start":{"line":133,"column":18},"end":{"line":133,"column":69}},"45":{"start":{"line":135,"column":27},"end":{"line":138,"column":5}},"46":{"start":{"line":140,"column":4},"end":{"line":142,"column":66}},"47":{"start":{"line":146,"column":24},"end":{"line":146,"column":32}},"48":{"start":{"line":148,"column":19},"end":{"line":148,"column":30}},"49":{"start":{"line":150,"column":27},"end":{"line":150,"column":63}},"50":{"start":{"line":152,"column":4},"end":{"line":156,"column":7}},"51":{"start":{"line":159,"column":17},"end":{"line":159,"column":67}},"52":{"start":{"line":160,"column":24},"end":{"line":160,"column":32}},"53":{"start":{"line":161,"column":19},"end":{"line":161,"column":30}},"54":{"start":{"line":163,"column":22},"end":{"line":163,"column":61}},"55":{"start":{"line":164,"column":4},"end":{"line":168,"column":5}},"56":{"start":{"line":165,"column":6},"end":{"line":167,"column":66}},"57":{"start":{"line":170,"column":26},"end":{"line":170,"column":70}},"58":{"start":{"line":172,"column":4},"end":{"line":176,"column":5}},"59":{"start":{"line":173,"column":6},"end":{"line":175,"column":68}},"60":{"start":{"line":178,"column":17},"end":{"line":178,"column":60}},"61":{"start":{"line":180,"column":4},"end":{"line":182,"column":70}}},"fnMap":{"0":{"name":"(anonymous_0)","decl":{"start":{"line":11,"column":2},"end":{"line":11,"column":3}},"loc":{"start":{"line":11,"column":30},"end":{"line":19,"column":3}},"line":11},"1":{"name":"(anonymous_1)","decl":{"start":{"line":20,"column":2},"end":{"line":20,"column":3}},"loc":{"start":{"line":20,"column":31},"end":{"line":64,"column":3}},"line":20},"2":{"name":"(anonymous_2)","decl":{"start":{"line":66,"column":2},"end":{"line":66,"column":3}},"loc":{"start":{"line":66,"column":32},"end":{"line":112,"column":3}},"line":66},"3":{"name":"(anonymous_3)","decl":{"start":{"line":114,"column":2},"end":{"line":114,"column":3}},"loc":{"start":{"line":114,"column":33},"end":{"line":143,"column":3}},"line":114},"4":{"name":"(anonymous_4)","decl":{"start":{"line":145,"column":2},"end":{"line":145,"column":3}},"loc":{"start":{"line":145,"column":21},"end":{"line":157,"column":3}},"line":145},"5":{"name":"(anonymous_5)","decl":{"start":{"line":158,"column":2},"end":{"line":158,"column":3}},"loc":{"start":{"line":158,"column":36},"end":{"line":183,"column":3}},"line":158}},"branchMap":{"0":{"loc":{"start":{"line":14,"column":4},"end":{"line":16,"column":5}},"type":"if","locations":[{"start":{"line":14,"column":4},"end":{"line":16,"column":5}},{"start":{"line":14,"column":4},"end":{"line":16,"column":5}}],"line":14},"1":{"loc":{"start":{"line":30,"column":4},"end":{"line":32,"column":5}},"type":"if","locations":[{"start":{"line":30,"column":4},"end":{"line":32,"column":5}},{"start":{"line":30,"column":4},"end":{"line":32,"column":5}}],"line":30},"2":{"loc":{"start":{"line":35,"column":4},"end":{"line":39,"column":5}},"type":"if","locations":[{"start":{"line":35,"column":4},"end":{"line":39,"column":5}},{"start":{"line":35,"column":4},"end":{"line":39,"column":5}}],"line":35},"3":{"loc":{"start":{"line":42,"column":4},"end":{"line":46,"column":5}},"type":"if","locations":[{"start":{"line":42,"column":4},"end":{"line":46,"column":5}},{"start":{"line":42,"column":4},"end":{"line":46,"column":5}}],"line":42},"4":{"loc":{"start":{"line":49,"column":4},"end":{"line":53,"column":5}},"type":"if","locations":[{"start":{"line":49,"column":4},"end":{"line":53,"column":5}},{"start":{"line":49,"column":4},"end":{"line":53,"column":5}}],"line":49},"5":{"loc":{"start":{"line":70,"column":4},"end":{"line":72,"column":5}},"type":"if","locations":[{"start":{"line":70,"column":4},"end":{"line":72,"column":5}},{"start":{"line":70,"column":4},"end":{"line":72,"column":5}}],"line":70},"6":{"loc":{"start":{"line":76,"column":4},"end":{"line":80,"column":5}},"type":"if","locations":[{"start":{"line":76,"column":4},"end":{"line":80,"column":5}},{"start":{"line":76,"column":4},"end":{"line":80,"column":5}}],"line":76},"7":{"loc":{"start":{"line":90,"column":4},"end":{"line":94,"column":5}},"type":"if","locations":[{"start":{"line":90,"column":4},"end":{"line":94,"column":5}},{"start":{"line":90,"column":4},"end":{"line":94,"column":5}}],"line":90},"8":{"loc":{"start":{"line":118,"column":4},"end":{"line":120,"column":5}},"type":"if","locations":[{"start":{"line":118,"column":4},"end":{"line":120,"column":5}},{"start":{"line":118,"column":4},"end":{"line":120,"column":5}}],"line":118},"9":{"loc":{"start":{"line":123,"column":4},"end":{"line":128,"column":5}},"type":"if","locations":[{"start":{"line":123,"column":4},"end":{"line":128,"column":5}},{"start":{"line":123,"column":4},"end":{"line":128,"column":5}}],"line":123},"10":{"loc":{"start":{"line":164,"column":4},"end":{"line":168,"column":5}},"type":"if","locations":[{"start":{"line":164,"column":4},"end":{"line":168,"column":5}},{"start":{"line":164,"column":4},"end":{"line":168,"column":5}}],"line":164},"11":{"loc":{"start":{"line":172,"column":4},"end":{"line":176,"column":5}},"type":"if","locations":[{"start":{"line":172,"column":4},"end":{"line":176,"column":5}},{"start":{"line":172,"column":4},"end":{"line":176,"column":5}}],"line":172},"12":{"loc":{"start":{"line":172,"column":8},"end":{"line":172,"column":63}},"type":"binary-expr","locations":[{"start":{"line":172,"column":8},"end":{"line":172,"column":28}},{"start":{"line":172,"column":32},"end":{"line":172,"column":63}}],"line":172}},"s":{"0":1,"1":0,"2":0,"3":0,"4":0,"5":25,"6":25,"7":25,"8":2,"9":23,"10":23,"11":1,"12":22,"13":22,"14":1,"15":21,"16":21,"17":1,"18":20,"19":20,"20":20,"21":14,"22":14,"23":14,"24":4,"25":10,"26":10,"27":2,"28":8,"29":8,"30":8,"31":8,"32":1,"33":7,"34":7,"35":3,"36":3,"37":3,"38":1,"39":2,"40":2,"41":1,"42":1,"43":1,"44":1,"45":1,"46":1,"47":1,"48":1,"49":1,"50":1,"51":4,"52":4,"53":4,"54":4,"55":4,"56":2,"57":2,"58":2,"59":1,"60":1,"61":1},"f":{"0":0,"1":25,"2":14,"3":3,"4":1,"5":4},"b":{"0":[0,0],"1":[2,23],"2":[1,22],"3":[1,21],"4":[1,20],"5":[4,10],"6":[2,8],"7":[1,7],"8":[1,2],"9":[1,1],"10":[2,2],"11":[1,1],"12":[2,1]},"_coverageSchema":"1a1c01bbd47fc00a2c39e90264f33305004495a9","hash":"9a95c86eb03107a1f812bc1a8144e8d6d39e36d0"}
,"/home/rashid/Music/nepserv/tasks/back/src/controllers/commentContoller.js": {"path":"/home/rashid/Music/nepserv/tasks/back/src/controllers/commentContoller.js","statementMap":{"0":{"start":{"line":7,"column":26},"end":{"line":83,"column":1}},"1":{"start":{"line":9,"column":20},"end":{"line":9,"column":49}},"2":{"start":{"line":10,"column":19},"end":{"line":10,"column":37}},"3":{"start":{"line":11,"column":24},"end":{"line":11,"column":32}},"4":{"start":{"line":13,"column":22},"end":{"line":13,"column":61}},"5":{"start":{"line":14,"column":4},"end":{"line":18,"column":5}},"6":{"start":{"line":15,"column":6},"end":{"line":17,"column":66}},"7":{"start":{"line":20,"column":31},"end":{"line":20,"column":62}},"8":{"start":{"line":21,"column":4},"end":{"line":26,"column":5}},"9":{"start":{"line":22,"column":6},"end":{"line":25,"column":9}},"10":{"start":{"line":28,"column":19},"end":{"line":28,"column":30}},"11":{"start":{"line":30,"column":16},"end":{"line":34,"column":5}},"12":{"start":{"line":36,"column":19},"end":{"line":36,"column":51}},"13":{"start":{"line":38,"column":4},"end":{"line":42,"column":7}},"14":{"start":{"line":46,"column":19},"end":{"line":46,"column":37}},"15":{"start":{"line":48,"column":31},"end":{"line":48,"column":62}},"16":{"start":{"line":49,"column":4},"end":{"line":54,"column":5}},"17":{"start":{"line":50,"column":6},"end":{"line":53,"column":9}},"18":{"start":{"line":56,"column":20},"end":{"line":56,"column":62}},"19":{"start":{"line":57,"column":4},"end":{"line":61,"column":5}},"20":{"start":{"line":58,"column":6},"end":{"line":60,"column":74}},"21":{"start":{"line":63,"column":4},"end":{"line":63,"column":64}},"22":{"start":{"line":67,"column":22},"end":{"line":67,"column":43}},"23":{"start":{"line":70,"column":25},"end":{"line":70,"column":64}},"24":{"start":{"line":71,"column":4},"end":{"line":75,"column":5}},"25":{"start":{"line":72,"column":6},"end":{"line":74,"column":65}},"26":{"start":{"line":77,"column":4},"end":{"line":77,"column":43}},"27":{"start":{"line":79,"column":4},"end":{"line":81,"column":70}}},"fnMap":{"0":{"name":"(anonymous_0)","decl":{"start":{"line":8,"column":2},"end":{"line":8,"column":3}},"loc":{"start":{"line":8,"column":32},"end":{"line":43,"column":3}},"line":8},"1":{"name":"(anonymous_1)","decl":{"start":{"line":45,"column":2},"end":{"line":45,"column":3}},"loc":{"start":{"line":45,"column":42},"end":{"line":64,"column":3}},"line":45},"2":{"name":"(anonymous_2)","decl":{"start":{"line":66,"column":2},"end":{"line":66,"column":3}},"loc":{"start":{"line":66,"column":32},"end":{"line":82,"column":3}},"line":66}},"branchMap":{"0":{"loc":{"start":{"line":14,"column":4},"end":{"line":18,"column":5}},"type":"if","locations":[{"start":{"line":14,"column":4},"end":{"line":18,"column":5}},{"start":{"line":14,"column":4},"end":{"line":18,"column":5}}],"line":14},"1":{"loc":{"start":{"line":21,"column":4},"end":{"line":26,"column":5}},"type":"if","locations":[{"start":{"line":21,"column":4},"end":{"line":26,"column":5}},{"start":{"line":21,"column":4},"end":{"line":26,"column":5}}],"line":21},"2":{"loc":{"start":{"line":49,"column":4},"end":{"line":54,"column":5}},"type":"if","locations":[{"start":{"line":49,"column":4},"end":{"line":54,"column":5}},{"start":{"line":49,"column":4},"end":{"line":54,"column":5}}],"line":49},"3":{"loc":{"start":{"line":57,"column":4},"end":{"line":61,"column":5}},"type":"if","locations":[{"start":{"line":57,"column":4},"end":{"line":61,"column":5}},{"start":{"line":57,"column":4},"end":{"line":61,"column":5}}],"line":57},"4":{"loc":{"start":{"line":71,"column":4},"end":{"line":75,"column":5}},"type":"if","locations":[{"start":{"line":71,"column":4},"end":{"line":75,"column":5}},{"start":{"line":71,"column":4},"end":{"line":75,"column":5}}],"line":71}},"s":{"0":1,"1":0,"2":0,"3":0,"4":0,"5":0,"6":0,"7":0,"8":0,"9":0,"10":0,"11":0,"12":0,"13":0,"14":0,"15":0,"16":0,"17":0,"18":0,"19":0,"20":0,"21":0,"22":0,"23":0,"24":0,"25":0,"26":0,"27":0},"f":{"0":0,"1":0,"2":0},"b":{"0":[0,0],"1":[0,0],"2":[0,0],"3":[0,0],"4":[0,0]},"_coverageSchema":"1a1c01bbd47fc00a2c39e90264f33305004495a9","hash":"2da4107271e3c3e8bc747637dad6538c6f9730ac"}
,"/home/rashid/Music/nepserv/tasks/back/src/controllers/institutionContraller.js": {"path":"/home/rashid/Music/nepserv/tasks/back/src/controllers/institutionContraller.js","statementMap":{"0":{"start":{"line":6,"column":30},"end":{"line":243,"column":1}},"1":{"start":{"line":8,"column":24},"end":{"line":8,"column":32}},"2":{"start":{"line":9,"column":24},"end":{"line":18,"column":6}},"3":{"start":{"line":19,"column":4},"end":{"line":21,"column":42}},"4":{"start":{"line":20,"column":6},"end":{"line":20,"column":36}},"5":{"start":{"line":21,"column":11},"end":{"line":21,"column":42}},"6":{"start":{"line":23,"column":22},"end":{"line":23,"column":65}},"7":{"start":{"line":24,"column":4},"end":{"line":28,"column":5}},"8":{"start":{"line":25,"column":6},"end":{"line":27,"column":66}},"9":{"start":{"line":30,"column":18},"end":{"line":30,"column":27}},"10":{"start":{"line":31,"column":40},"end":{"line":31,"column":45}},"11":{"start":{"line":33,"column":22},"end":{"line":33,"column":43}},"12":{"start":{"line":34,"column":24},"end":{"line":34,"column":40}},"13":{"start":{"line":36,"column":29},"end":{"line":38,"column":5}},"14":{"start":{"line":39,"column":4},"end":{"line":43,"column":5}},"15":{"start":{"line":40,"column":6},"end":{"line":42,"column":80}},"16":{"start":{"line":45,"column":19},"end":{"line":45,"column":30}},"17":{"start":{"line":46,"column":17},"end":{"line":51,"column":5}},"18":{"start":{"line":53,"column":30},"end":{"line":53,"column":78}},"19":{"start":{"line":54,"column":4},"end":{"line":58,"column":7}},"20":{"start":{"line":62,"column":17},"end":{"line":62,"column":48}},"21":{"start":{"line":64,"column":22},"end":{"line":64,"column":65}},"22":{"start":{"line":65,"column":4},"end":{"line":69,"column":5}},"23":{"start":{"line":66,"column":6},"end":{"line":68,"column":66}},"24":{"start":{"line":71,"column":26},"end":{"line":73,"column":5}},"25":{"start":{"line":75,"column":4},"end":{"line":79,"column":5}},"26":{"start":{"line":76,"column":6},"end":{"line":78,"column":76}},"27":{"start":{"line":82,"column":6},"end":{"line":82,"column":58}},"28":{"start":{"line":84,"column":4},"end":{"line":88,"column":7}},"29":{"start":{"line":93,"column":6},"end":{"line":93,"column":54}},"30":{"start":{"line":94,"column":4},"end":{"line":98,"column":5}},"31":{"start":{"line":95,"column":6},"end":{"line":97,"column":68}},"32":{"start":{"line":100,"column":4},"end":{"line":103,"column":7}},"33":{"start":{"line":107,"column":28},"end":{"line":107,"column":43}},"34":{"start":{"line":109,"column":19},"end":{"line":115,"column":6}},"35":{"start":{"line":117,"column":22},"end":{"line":117,"column":61}},"36":{"start":{"line":118,"column":4},"end":{"line":121,"column":66}},"37":{"start":{"line":119,"column":6},"end":{"line":121,"column":66}},"38":{"start":{"line":123,"column":24},"end":{"line":125,"column":5}},"39":{"start":{"line":126,"column":4},"end":{"line":130,"column":5}},"40":{"start":{"line":127,"column":6},"end":{"line":129,"column":74}},"41":{"start":{"line":131,"column":19},"end":{"line":131,"column":33}},"42":{"start":{"line":133,"column":17},"end":{"line":136,"column":5}},"43":{"start":{"line":138,"column":25},"end":{"line":140,"column":5}},"44":{"start":{"line":142,"column":4},"end":{"line":146,"column":7}},"45":{"start":{"line":150,"column":21},"end":{"line":150,"column":41}},"46":{"start":{"line":152,"column":19},"end":{"line":158,"column":6}},"47":{"start":{"line":161,"column":24},"end":{"line":161,"column":68}},"48":{"start":{"line":162,"column":4},"end":{"line":165,"column":64}},"49":{"start":{"line":163,"column":6},"end":{"line":165,"column":64}},"50":{"start":{"line":167,"column":25},"end":{"line":167,"column":68}},"51":{"start":{"line":169,"column":4},"end":{"line":171,"column":69}},"52":{"start":{"line":175,"column":28},"end":{"line":175,"column":43}},"53":{"start":{"line":177,"column":26},"end":{"line":179,"column":5}},"54":{"start":{"line":180,"column":4},"end":{"line":180,"column":31}},"55":{"start":{"line":181,"column":4},"end":{"line":184,"column":70}},"56":{"start":{"line":182,"column":6},"end":{"line":184,"column":70}},"57":{"start":{"line":186,"column":19},"end":{"line":186,"column":35}},"58":{"start":{"line":188,"column":20},"end":{"line":188,"column":77}},"59":{"start":{"line":189,"column":4},"end":{"line":189,"column":64}},"60":{"start":{"line":192,"column":31},"end":{"line":192,"column":74}},"61":{"start":{"line":193,"column":4},"end":{"line":198,"column":9}},"62":{"start":{"line":194,"column":6},"end":{"line":198,"column":9}},"63":{"start":{"line":200,"column":4},"end":{"line":200,"column":75}},"64":{"start":{"line":203,"column":26},"end":{"line":203,"column":39}},"65":{"start":{"line":205,"column":27},"end":{"line":207,"column":5}},"66":{"start":{"line":208,"column":4},"end":{"line":212,"column":5}},"67":{"start":{"line":209,"column":6},"end":{"line":211,"column":65}},"68":{"start":{"line":214,"column":4},"end":{"line":214,"column":71}},"69":{"start":{"line":218,"column":26},"end":{"line":218,"column":39}},"70":{"start":{"line":220,"column":20},"end":{"line":222,"column":5}},"71":{"start":{"line":223,"column":4},"end":{"line":227,"column":5}},"72":{"start":{"line":224,"column":6},"end":{"line":226,"column":65}},"73":{"start":{"line":228,"column":4},"end":{"line":228,"column":64}},"74":{"start":{"line":232,"column":21},"end":{"line":232,"column":34}},"75":{"start":{"line":234,"column":26},"end":{"line":234,"column":74}},"76":{"start":{"line":236,"column":4},"end":{"line":240,"column":5}},"77":{"start":{"line":237,"column":6},"end":{"line":239,"column":65}},"78":{"start":{"line":241,"column":4},"end":{"line":241,"column":70}}},"fnMap":{"0":{"name":"(anonymous_0)","decl":{"start":{"line":7,"column":2},"end":{"line":7,"column":3}},"loc":{"start":{"line":7,"column":38},"end":{"line":59,"column":3}},"line":7},"1":{"name":"(anonymous_1)","decl":{"start":{"line":61,"column":2},"end":{"line":61,"column":3}},"loc":{"start":{"line":61,"column":29},"end":{"line":89,"column":3}},"line":61},"2":{"name":"(anonymous_2)","decl":{"start":{"line":91,"column":2},"end":{"line":91,"column":3}},"loc":{"start":{"line":91,"column":50},"end":{"line":104,"column":3}},"line":91},"3":{"name":"(anonymous_3)","decl":{"start":{"line":106,"column":2},"end":{"line":106,"column":3}},"loc":{"start":{"line":106,"column":44},"end":{"line":147,"column":3}},"line":106},"4":{"name":"(anonymous_4)","decl":{"start":{"line":149,"column":2},"end":{"line":149,"column":3}},"loc":{"start":{"line":149,"column":32},"end":{"line":172,"column":3}},"line":149},"5":{"name":"(anonymous_5)","decl":{"start":{"line":174,"column":2},"end":{"line":174,"column":3}},"loc":{"start":{"line":174,"column":47},"end":{"line":190,"column":3}},"line":174},"6":{"name":"(anonymous_6)","decl":{"start":{"line":191,"column":2},"end":{"line":191,"column":3}},"loc":{"start":{"line":191,"column":37},"end":{"line":201,"column":3}},"line":191},"7":{"name":"(anonymous_7)","decl":{"start":{"line":202,"column":2},"end":{"line":202,"column":3}},"loc":{"start":{"line":202,"column":45},"end":{"line":215,"column":3}},"line":202},"8":{"name":"(anonymous_8)","decl":{"start":{"line":217,"column":2},"end":{"line":217,"column":3}},"loc":{"start":{"line":217,"column":52},"end":{"line":229,"column":3}},"line":217},"9":{"name":"(anonymous_9)","decl":{"start":{"line":231,"column":2},"end":{"line":231,"column":3}},"loc":{"start":{"line":231,"column":34},"end":{"line":242,"column":3}},"line":231}},"branchMap":{"0":{"loc":{"start":{"line":19,"column":4},"end":{"line":21,"column":42}},"type":"if","locations":[{"start":{"line":19,"column":4},"end":{"line":21,"column":42}},{"start":{"line":19,"column":4},"end":{"line":21,"column":42}}],"line":19},"1":{"loc":{"start":{"line":24,"column":4},"end":{"line":28,"column":5}},"type":"if","locations":[{"start":{"line":24,"column":4},"end":{"line":28,"column":5}},{"start":{"line":24,"column":4},"end":{"line":28,"column":5}}],"line":24},"2":{"loc":{"start":{"line":39,"column":4},"end":{"line":43,"column":5}},"type":"if","locations":[{"start":{"line":39,"column":4},"end":{"line":43,"column":5}},{"start":{"line":39,"column":4},"end":{"line":43,"column":5}}],"line":39},"3":{"loc":{"start":{"line":49,"column":21},"end":{"line":49,"column":49}},"type":"cond-expr","locations":[{"start":{"line":49,"column":33},"end":{"line":49,"column":42}},{"start":{"line":49,"column":45},"end":{"line":49,"column":49}}],"line":49},"4":{"loc":{"start":{"line":50,"column":23},"end":{"line":50,"column":55}},"type":"cond-expr","locations":[{"start":{"line":50,"column":37},"end":{"line":50,"column":48}},{"start":{"line":50,"column":51},"end":{"line":50,"column":55}}],"line":50},"5":{"loc":{"start":{"line":65,"column":4},"end":{"line":69,"column":5}},"type":"if","locations":[{"start":{"line":65,"column":4},"end":{"line":69,"column":5}},{"start":{"line":65,"column":4},"end":{"line":69,"column":5}}],"line":65},"6":{"loc":{"start":{"line":75,"column":4},"end":{"line":79,"column":5}},"type":"if","locations":[{"start":{"line":75,"column":4},"end":{"line":79,"column":5}},{"start":{"line":75,"column":4},"end":{"line":79,"column":5}}],"line":75},"7":{"loc":{"start":{"line":94,"column":4},"end":{"line":98,"column":5}},"type":"if","locations":[{"start":{"line":94,"column":4},"end":{"line":98,"column":5}},{"start":{"line":94,"column":4},"end":{"line":98,"column":5}}],"line":94},"8":{"loc":{"start":{"line":118,"column":4},"end":{"line":121,"column":66}},"type":"if","locations":[{"start":{"line":118,"column":4},"end":{"line":121,"column":66}},{"start":{"line":118,"column":4},"end":{"line":121,"column":66}}],"line":118},"9":{"loc":{"start":{"line":126,"column":4},"end":{"line":130,"column":5}},"type":"if","locations":[{"start":{"line":126,"column":4},"end":{"line":130,"column":5}},{"start":{"line":126,"column":4},"end":{"line":130,"column":5}}],"line":126},"10":{"loc":{"start":{"line":162,"column":4},"end":{"line":165,"column":64}},"type":"if","locations":[{"start":{"line":162,"column":4},"end":{"line":165,"column":64}},{"start":{"line":162,"column":4},"end":{"line":165,"column":64}}],"line":162},"11":{"loc":{"start":{"line":181,"column":4},"end":{"line":184,"column":70}},"type":"if","locations":[{"start":{"line":181,"column":4},"end":{"line":184,"column":70}},{"start":{"line":181,"column":4},"end":{"line":184,"column":70}}],"line":181},"12":{"loc":{"start":{"line":193,"column":4},"end":{"line":198,"column":9}},"type":"if","locations":[{"start":{"line":193,"column":4},"end":{"line":198,"column":9}},{"start":{"line":193,"column":4},"end":{"line":198,"column":9}}],"line":193},"13":{"loc":{"start":{"line":208,"column":4},"end":{"line":212,"column":5}},"type":"if","locations":[{"start":{"line":208,"column":4},"end":{"line":212,"column":5}},{"start":{"line":208,"column":4},"end":{"line":212,"column":5}}],"line":208},"14":{"loc":{"start":{"line":223,"column":4},"end":{"line":227,"column":5}},"type":"if","locations":[{"start":{"line":223,"column":4},"end":{"line":227,"column":5}},{"start":{"line":223,"column":4},"end":{"line":227,"column":5}}],"line":223},"15":{"loc":{"start":{"line":236,"column":4},"end":{"line":240,"column":5}},"type":"if","locations":[{"start":{"line":236,"column":4},"end":{"line":240,"column":5}},{"start":{"line":236,"column":4},"end":{"line":240,"column":5}}],"line":236}},"s":{"0":1,"1":0,"2":0,"3":0,"4":0,"5":0,"6":0,"7":0,"8":0,"9":0,"10":0,"11":0,"12":0,"13":0,"14":0,"15":0,"16":0,"17":0,"18":0,"19":0,"20":0,"21":0,"22":0,"23":0,"24":0,"25":0,"26":0,"27":0,"28":0,"29":0,"30":0,"31":0,"32":0,"33":0,"34":0,"35":0,"36":0,"37":0,"38":0,"39":0,"40":0,"41":0,"42":0,"43":0,"44":0,"45":0,"46":0,"47":0,"48":0,"49":0,"50":0,"51":0,"52":0,"53":0,"54":0,"55":0,"56":0,"57":0,"58":0,"59":0,"60":0,"61":0,"62":0,"63":0,"64":0,"65":0,"66":0,"67":0,"68":0,"69":0,"70":0,"71":0,"72":0,"73":0,"74":0,"75":0,"76":0,"77":0,"78":0},"f":{"0":0,"1":0,"2":0,"3":0,"4":0,"5":0,"6":0,"7":0,"8":0,"9":0},"b":{"0":[0,0],"1":[0,0],"2":[0,0],"3":[0,0],"4":[0,0],"5":[0,0],"6":[0,0],"7":[0,0],"8":[0,0],"9":[0,0],"10":[0,0],"11":[0,0],"12":[0,0],"13":[0,0],"14":[0,0],"15":[0,0]},"_coverageSchema":"1a1c01bbd47fc00a2c39e90264f33305004495a9","hash":"2b6c4feaa630e9c063899f597448dc732821167e"}
,"/home/rashid/Music/nepserv/tasks/back/src/controllers/issuesContoller.js": {"path":"/home/rashid/Music/nepserv/tasks/back/src/controllers/issuesContoller.js","statementMap":{"0":{"start":{"line":7,"column":25},"end":{"line":202,"column":1}},"1":{"start":{"line":9,"column":22},"end":{"line":9,"column":53}},"2":{"start":{"line":11,"column":4},"end":{"line":14,"column":67}},"3":{"start":{"line":12,"column":6},"end":{"line":14,"column":67}},"4":{"start":{"line":16,"column":4},"end":{"line":16,"column":66}},"5":{"start":{"line":19,"column":16},"end":{"line":25,"column":6}},"6":{"start":{"line":27,"column":19},"end":{"line":27,"column":27}},"7":{"start":{"line":29,"column":4},"end":{"line":32,"column":6}},"8":{"start":{"line":35,"column":22},"end":{"line":35,"column":65}},"9":{"start":{"line":36,"column":4},"end":{"line":39,"column":66}},"10":{"start":{"line":37,"column":6},"end":{"line":39,"column":66}},"11":{"start":{"line":42,"column":34},"end":{"line":44,"column":5}},"12":{"start":{"line":45,"column":4},"end":{"line":49,"column":9}},"13":{"start":{"line":46,"column":6},"end":{"line":49,"column":9}},"14":{"start":{"line":52,"column":36},"end":{"line":54,"column":5}},"15":{"start":{"line":55,"column":4},"end":{"line":59,"column":9}},"16":{"start":{"line":56,"column":6},"end":{"line":59,"column":9}},"17":{"start":{"line":61,"column":24},"end":{"line":61,"column":69}},"18":{"start":{"line":62,"column":4},"end":{"line":66,"column":7}},"19":{"start":{"line":70,"column":22},"end":{"line":70,"column":35}},"20":{"start":{"line":73,"column":34},"end":{"line":73,"column":78}},"21":{"start":{"line":74,"column":4},"end":{"line":78,"column":9}},"22":{"start":{"line":75,"column":6},"end":{"line":78,"column":9}},"23":{"start":{"line":80,"column":22},"end":{"line":80,"column":71}},"24":{"start":{"line":81,"column":4},"end":{"line":84,"column":73}},"25":{"start":{"line":82,"column":6},"end":{"line":84,"column":73}},"26":{"start":{"line":86,"column":4},"end":{"line":86,"column":66}},"27":{"start":{"line":90,"column":25},"end":{"line":90,"column":66}},"28":{"start":{"line":92,"column":4},"end":{"line":95,"column":67}},"29":{"start":{"line":93,"column":6},"end":{"line":95,"column":67}},"30":{"start":{"line":97,"column":4},"end":{"line":97,"column":69}},"31":{"start":{"line":101,"column":30},"end":{"line":101,"column":76}},"32":{"start":{"line":103,"column":4},"end":{"line":106,"column":67}},"33":{"start":{"line":104,"column":6},"end":{"line":106,"column":67}},"34":{"start":{"line":108,"column":4},"end":{"line":108,"column":74}},"35":{"start":{"line":112,"column":30},"end":{"line":112,"column":76}},"36":{"start":{"line":114,"column":4},"end":{"line":117,"column":67}},"37":{"start":{"line":115,"column":6},"end":{"line":117,"column":67}},"38":{"start":{"line":119,"column":4},"end":{"line":119,"column":74}},"39":{"start":{"line":123,"column":20},"end":{"line":123,"column":39}},"40":{"start":{"line":125,"column":44},"end":{"line":127,"column":5}},"41":{"start":{"line":129,"column":4},"end":{"line":130,"column":79}},"42":{"start":{"line":130,"column":6},"end":{"line":130,"column":79}},"43":{"start":{"line":132,"column":4},"end":{"line":134,"column":71}},"44":{"start":{"line":138,"column":18},"end":{"line":144,"column":6}},"45":{"start":{"line":146,"column":20},"end":{"line":146,"column":39}},"46":{"start":{"line":149,"column":22},"end":{"line":149,"column":63}},"47":{"start":{"line":150,"column":4},"end":{"line":153,"column":66}},"48":{"start":{"line":151,"column":6},"end":{"line":153,"column":66}},"49":{"start":{"line":155,"column":34},"end":{"line":157,"column":5}},"50":{"start":{"line":158,"column":4},"end":{"line":162,"column":9}},"51":{"start":{"line":159,"column":6},"end":{"line":162,"column":9}},"52":{"start":{"line":165,"column":36},"end":{"line":167,"column":5}},"53":{"start":{"line":168,"column":4},"end":{"line":172,"column":9}},"54":{"start":{"line":169,"column":6},"end":{"line":172,"column":9}},"55":{"start":{"line":174,"column":21},"end":{"line":174,"column":65}},"56":{"start":{"line":175,"column":4},"end":{"line":175,"column":26}},"57":{"start":{"line":176,"column":4},"end":{"line":178,"column":68}},"58":{"start":{"line":182,"column":18},"end":{"line":182,"column":52}},"59":{"start":{"line":184,"column":4},"end":{"line":187,"column":76}},"60":{"start":{"line":185,"column":6},"end":{"line":187,"column":76}},"61":{"start":{"line":189,"column":44},"end":{"line":191,"column":5}},"62":{"start":{"line":193,"column":4},"end":{"line":194,"column":79}},"63":{"start":{"line":194,"column":6},"end":{"line":194,"column":79}},"64":{"start":{"line":196,"column":4},"end":{"line":196,"column":46}},"65":{"start":{"line":198,"column":4},"end":{"line":200,"column":69}}},"fnMap":{"0":{"name":"(anonymous_0)","decl":{"start":{"line":8,"column":2},"end":{"line":8,"column":3}},"loc":{"start":{"line":8,"column":31},"end":{"line":17,"column":3}},"line":8},"1":{"name":"(anonymous_1)","decl":{"start":{"line":18,"column":2},"end":{"line":18,"column":3}},"loc":{"start":{"line":18,"column":40},"end":{"line":67,"column":3}},"line":18},"2":{"name":"(anonymous_2)","decl":{"start":{"line":69,"column":2},"end":{"line":69,"column":3}},"loc":{"start":{"line":69,"column":40},"end":{"line":87,"column":3}},"line":69},"3":{"name":"(anonymous_3)","decl":{"start":{"line":89,"column":2},"end":{"line":89,"column":3}},"loc":{"start":{"line":89,"column":41},"end":{"line":98,"column":3}},"line":89},"4":{"name":"(anonymous_4)","decl":{"start":{"line":100,"column":2},"end":{"line":100,"column":3}},"loc":{"start":{"line":100,"column":46},"end":{"line":109,"column":3}},"line":100},"5":{"name":"(anonymous_5)","decl":{"start":{"line":111,"column":2},"end":{"line":111,"column":3}},"loc":{"start":{"line":111,"column":39},"end":{"line":120,"column":3}},"line":111},"6":{"name":"(anonymous_6)","decl":{"start":{"line":122,"column":2},"end":{"line":122,"column":3}},"loc":{"start":{"line":122,"column":33},"end":{"line":135,"column":3}},"line":122},"7":{"name":"(anonymous_7)","decl":{"start":{"line":137,"column":2},"end":{"line":137,"column":3}},"loc":{"start":{"line":137,"column":34},"end":{"line":179,"column":3}},"line":137},"8":{"name":"(anonymous_8)","decl":{"start":{"line":181,"column":2},"end":{"line":181,"column":3}},"loc":{"start":{"line":181,"column":41},"end":{"line":201,"column":3}},"line":181}},"branchMap":{"0":{"loc":{"start":{"line":11,"column":4},"end":{"line":14,"column":67}},"type":"if","locations":[{"start":{"line":11,"column":4},"end":{"line":14,"column":67}},{"start":{"line":11,"column":4},"end":{"line":14,"column":67}}],"line":11},"1":{"loc":{"start":{"line":36,"column":4},"end":{"line":39,"column":66}},"type":"if","locations":[{"start":{"line":36,"column":4},"end":{"line":39,"column":66}},{"start":{"line":36,"column":4},"end":{"line":39,"column":66}}],"line":36},"2":{"loc":{"start":{"line":45,"column":4},"end":{"line":49,"column":9}},"type":"if","locations":[{"start":{"line":45,"column":4},"end":{"line":49,"column":9}},{"start":{"line":45,"column":4},"end":{"line":49,"column":9}}],"line":45},"3":{"loc":{"start":{"line":55,"column":4},"end":{"line":59,"column":9}},"type":"if","locations":[{"start":{"line":55,"column":4},"end":{"line":59,"column":9}},{"start":{"line":55,"column":4},"end":{"line":59,"column":9}}],"line":55},"4":{"loc":{"start":{"line":74,"column":4},"end":{"line":78,"column":9}},"type":"if","locations":[{"start":{"line":74,"column":4},"end":{"line":78,"column":9}},{"start":{"line":74,"column":4},"end":{"line":78,"column":9}}],"line":74},"5":{"loc":{"start":{"line":81,"column":4},"end":{"line":84,"column":73}},"type":"if","locations":[{"start":{"line":81,"column":4},"end":{"line":84,"column":73}},{"start":{"line":81,"column":4},"end":{"line":84,"column":73}}],"line":81},"6":{"loc":{"start":{"line":92,"column":4},"end":{"line":95,"column":67}},"type":"if","locations":[{"start":{"line":92,"column":4},"end":{"line":95,"column":67}},{"start":{"line":92,"column":4},"end":{"line":95,"column":67}}],"line":92},"7":{"loc":{"start":{"line":103,"column":4},"end":{"line":106,"column":67}},"type":"if","locations":[{"start":{"line":103,"column":4},"end":{"line":106,"column":67}},{"start":{"line":103,"column":4},"end":{"line":106,"column":67}}],"line":103},"8":{"loc":{"start":{"line":114,"column":4},"end":{"line":117,"column":67}},"type":"if","locations":[{"start":{"line":114,"column":4},"end":{"line":117,"column":67}},{"start":{"line":114,"column":4},"end":{"line":117,"column":67}}],"line":114},"9":{"loc":{"start":{"line":129,"column":4},"end":{"line":130,"column":79}},"type":"if","locations":[{"start":{"line":129,"column":4},"end":{"line":130,"column":79}},{"start":{"line":129,"column":4},"end":{"line":130,"column":79}}],"line":129},"10":{"loc":{"start":{"line":150,"column":4},"end":{"line":153,"column":66}},"type":"if","locations":[{"start":{"line":150,"column":4},"end":{"line":153,"column":66}},{"start":{"line":150,"column":4},"end":{"line":153,"column":66}}],"line":150},"11":{"loc":{"start":{"line":158,"column":4},"end":{"line":162,"column":9}},"type":"if","locations":[{"start":{"line":158,"column":4},"end":{"line":162,"column":9}},{"start":{"line":158,"column":4},"end":{"line":162,"column":9}}],"line":158},"12":{"loc":{"start":{"line":168,"column":4},"end":{"line":172,"column":9}},"type":"if","locations":[{"start":{"line":168,"column":4},"end":{"line":172,"column":9}},{"start":{"line":168,"column":4},"end":{"line":172,"column":9}}],"line":168},"13":{"loc":{"start":{"line":184,"column":4},"end":{"line":187,"column":76}},"type":"if","locations":[{"start":{"line":184,"column":4},"end":{"line":187,"column":76}},{"start":{"line":184,"column":4},"end":{"line":187,"column":76}}],"line":184},"14":{"loc":{"start":{"line":184,"column":8},"end":{"line":184,"column":34}},"type":"binary-expr","locations":[{"start":{"line":184,"column":8},"end":{"line":184,"column":17}},{"start":{"line":184,"column":21},"end":{"line":184,"column":34}}],"line":184},"15":{"loc":{"start":{"line":193,"column":4},"end":{"line":194,"column":79}},"type":"if","locations":[{"start":{"line":193,"column":4},"end":{"line":194,"column":79}},{"start":{"line":193,"column":4},"end":{"line":194,"column":79}}],"line":193}},"s":{"0":1,"1":0,"2":0,"3":0,"4":0,"5":0,"6":0,"7":0,"8":0,"9":0,"10":0,"11":0,"12":0,"13":0,"14":0,"15":0,"16":0,"17":0,"18":0,"19":0,"20":0,"21":0,"22":0,"23":0,"24":0,"25":0,"26":0,"27":0,"28":0,"29":0,"30":0,"31":0,"32":0,"33":0,"34":0,"35":0,"36":0,"37":0,"38":0,"39":0,"40":0,"41":0,"42":0,"43":0,"44":0,"45":0,"46":0,"47":0,"48":0,"49":0,"50":0,"51":0,"52":0,"53":0,"54":0,"55":0,"56":0,"57":0,"58":0,"59":0,"60":0,"61":0,"62":0,"63":0,"64":0,"65":0},"f":{"0":0,"1":0,"2":0,"3":0,"4":0,"5":0,"6":0,"7":0,"8":0},"b":{"0":[0,0],"1":[0,0],"2":[0,0],"3":[0,0],"4":[0,0],"5":[0,0],"6":[0,0],"7":[0,0],"8":[0,0],"9":[0,0],"10":[0,0],"11":[0,0],"12":[0,0],"13":[0,0],"14":[0,0],"15":[0,0]},"_coverageSchema":"1a1c01bbd47fc00a2c39e90264f33305004495a9","hash":"832446e0ad12f035c4926f4ad89d1f9c52e287e3"}
,"/home/rashid/Music/nepserv/tasks/back/src/controllers/permissions.js": {"path":"/home/rashid/Music/nepserv/tasks/back/src/controllers/permissions.js","statementMap":{"0":{"start":{"line":4,"column":29},"end":{"line":91,"column":1}},"1":{"start":{"line":6,"column":27},"end":{"line":6,"column":68}},"2":{"start":{"line":8,"column":4},"end":{"line":10,"column":5}},"3":{"start":{"line":9,"column":6},"end":{"line":9,"column":79}},"4":{"start":{"line":12,"column":4},"end":{"line":12,"column":58}},"5":{"start":{"line":16,"column":19},"end":{"line":16,"column":37}},"6":{"start":{"line":17,"column":23},"end":{"line":17,"column":58}},"7":{"start":{"line":19,"column":4},"end":{"line":23,"column":5}},"8":{"start":{"line":20,"column":6},"end":{"line":22,"column":71}},"9":{"start":{"line":25,"column":35},"end":{"line":28,"column":5}},"10":{"start":{"line":30,"column":4},"end":{"line":47,"column":5}},"11":{"start":{"line":31,"column":30},"end":{"line":31,"column":55}},"12":{"start":{"line":33,"column":6},"end":{"line":36,"column":78}},"13":{"start":{"line":34,"column":8},"end":{"line":36,"column":78}},"14":{"start":{"line":38,"column":6},"end":{"line":46,"column":7}},"15":{"start":{"line":39,"column":8},"end":{"line":42,"column":10}},"16":{"start":{"line":43,"column":8},"end":{"line":45,"column":75}},"17":{"start":{"line":49,"column":27},"end":{"line":52,"column":5}},"18":{"start":{"line":54,"column":4},"end":{"line":54,"column":79}},"19":{"start":{"line":57,"column":19},"end":{"line":57,"column":37}},"20":{"start":{"line":59,"column":6},"end":{"line":59,"column":66}},"21":{"start":{"line":60,"column":4},"end":{"line":64,"column":5}},"22":{"start":{"line":61,"column":6},"end":{"line":63,"column":76}},"23":{"start":{"line":66,"column":4},"end":{"line":69,"column":7}},"24":{"start":{"line":72,"column":19},"end":{"line":72,"column":37}},"25":{"start":{"line":73,"column":25},"end":{"line":73,"column":49}},"26":{"start":{"line":75,"column":4},"end":{"line":75,"column":65}},"27":{"start":{"line":77,"column":4},"end":{"line":79,"column":73}},"28":{"start":{"line":83,"column":19},"end":{"line":83,"column":37}},"29":{"start":{"line":85,"column":27},"end":{"line":87,"column":5}},"30":{"start":{"line":89,"column":4},"end":{"line":89,"column":71}}},"fnMap":{"0":{"name":"(anonymous_0)","decl":{"start":{"line":5,"column":2},"end":{"line":5,"column":3}},"loc":{"start":{"line":5,"column":38},"end":{"line":13,"column":3}},"line":5},"1":{"name":"(anonymous_1)","decl":{"start":{"line":15,"column":2},"end":{"line":15,"column":3}},"loc":{"start":{"line":15,"column":33},"end":{"line":55,"column":3}},"line":15},"2":{"name":"(anonymous_2)","decl":{"start":{"line":56,"column":2},"end":{"line":56,"column":3}},"loc":{"start":{"line":56,"column":45},"end":{"line":70,"column":3}},"line":56},"3":{"name":"(anonymous_3)","decl":{"start":{"line":71,"column":2},"end":{"line":71,"column":3}},"loc":{"start":{"line":71,"column":35},"end":{"line":80,"column":3}},"line":71},"4":{"name":"(anonymous_4)","decl":{"start":{"line":82,"column":2},"end":{"line":82,"column":3}},"loc":{"start":{"line":82,"column":45},"end":{"line":90,"column":3}},"line":82}},"branchMap":{"0":{"loc":{"start":{"line":8,"column":4},"end":{"line":10,"column":5}},"type":"if","locations":[{"start":{"line":8,"column":4},"end":{"line":10,"column":5}},{"start":{"line":8,"column":4},"end":{"line":10,"column":5}}],"line":8},"1":{"loc":{"start":{"line":19,"column":4},"end":{"line":23,"column":5}},"type":"if","locations":[{"start":{"line":19,"column":4},"end":{"line":23,"column":5}},{"start":{"line":19,"column":4},"end":{"line":23,"column":5}}],"line":19},"2":{"loc":{"start":{"line":30,"column":4},"end":{"line":47,"column":5}},"type":"if","locations":[{"start":{"line":30,"column":4},"end":{"line":47,"column":5}},{"start":{"line":30,"column":4},"end":{"line":47,"column":5}}],"line":30},"3":{"loc":{"start":{"line":33,"column":6},"end":{"line":36,"column":78}},"type":"if","locations":[{"start":{"line":33,"column":6},"end":{"line":36,"column":78}},{"start":{"line":33,"column":6},"end":{"line":36,"column":78}}],"line":33},"4":{"loc":{"start":{"line":38,"column":6},"end":{"line":46,"column":7}},"type":"if","locations":[{"start":{"line":38,"column":6},"end":{"line":46,"column":7}},{"start":{"line":38,"column":6},"end":{"line":46,"column":7}}],"line":38},"5":{"loc":{"start":{"line":60,"column":4},"end":{"line":64,"column":5}},"type":"if","locations":[{"start":{"line":60,"column":4},"end":{"line":64,"column":5}},{"start":{"line":60,"column":4},"end":{"line":64,"column":5}}],"line":60}},"s":{"0":1,"1":0,"2":0,"3":0,"4":0,"5":0,"6":0,"7":0,"8":0,"9":0,"10":0,"11":0,"12":0,"13":0,"14":0,"15":0,"16":0,"17":0,"18":0,"19":0,"20":0,"21":0,"22":0,"23":0,"24":0,"25":0,"26":0,"27":0,"28":0,"29":0,"30":0},"f":{"0":0,"1":0,"2":0,"3":0,"4":0},"b":{"0":[0,0],"1":[0,0],"2":[0,0],"3":[0,0],"4":[0,0],"5":[0,0]},"_coverageSchema":"1a1c01bbd47fc00a2c39e90264f33305004495a9","hash":"d71983de62ac21f5e3027a8473e6fd95c6d51dc6"}
,"/home/rashid/Music/nepserv/tasks/back/src/controllers/productController.js": {"path":"/home/rashid/Music/nepserv/tasks/back/src/controllers/productController.js","statementMap":{"0":{"start":{"line":6,"column":26},"end":{"line":44,"column":1}},"1":{"start":{"line":8,"column":21},"end":{"line":8,"column":56}},"2":{"start":{"line":9,"column":4},"end":{"line":13,"column":5}},"3":{"start":{"line":10,"column":6},"end":{"line":12,"column":69}},"4":{"start":{"line":14,"column":4},"end":{"line":14,"column":65}},"5":{"start":{"line":17,"column":18},"end":{"line":17,"column":71}},"6":{"start":{"line":19,"column":19},"end":{"line":19,"column":27}},"7":{"start":{"line":21,"column":4},"end":{"line":24,"column":6}},"8":{"start":{"line":27,"column":22},"end":{"line":27,"column":69}},"9":{"start":{"line":28,"column":4},"end":{"line":31,"column":66}},"10":{"start":{"line":29,"column":6},"end":{"line":31,"column":66}},"11":{"start":{"line":34,"column":25},"end":{"line":34,"column":55}},"12":{"start":{"line":35,"column":4},"end":{"line":38,"column":80}},"13":{"start":{"line":36,"column":6},"end":{"line":38,"column":80}},"14":{"start":{"line":40,"column":27},"end":{"line":40,"column":71}},"15":{"start":{"line":41,"column":4},"end":{"line":41,"column":32}},"16":{"start":{"line":42,"column":4},"end":{"line":42,"column":74}}},"fnMap":{"0":{"name":"(anonymous_0)","decl":{"start":{"line":7,"column":2},"end":{"line":7,"column":3}},"loc":{"start":{"line":7,"column":32},"end":{"line":15,"column":3}},"line":7},"1":{"name":"(anonymous_1)","decl":{"start":{"line":16,"column":2},"end":{"line":16,"column":3}},"loc":{"start":{"line":16,"column":35},"end":{"line":43,"column":3}},"line":16}},"branchMap":{"0":{"loc":{"start":{"line":9,"column":4},"end":{"line":13,"column":5}},"type":"if","locations":[{"start":{"line":9,"column":4},"end":{"line":13,"column":5}},{"start":{"line":9,"column":4},"end":{"line":13,"column":5}}],"line":9},"1":{"loc":{"start":{"line":28,"column":4},"end":{"line":31,"column":66}},"type":"if","locations":[{"start":{"line":28,"column":4},"end":{"line":31,"column":66}},{"start":{"line":28,"column":4},"end":{"line":31,"column":66}}],"line":28},"2":{"loc":{"start":{"line":35,"column":4},"end":{"line":38,"column":80}},"type":"if","locations":[{"start":{"line":35,"column":4},"end":{"line":38,"column":80}},{"start":{"line":35,"column":4},"end":{"line":38,"column":80}}],"line":35}},"s":{"0":1,"1":0,"2":0,"3":0,"4":0,"5":0,"6":0,"7":0,"8":0,"9":0,"10":0,"11":0,"12":0,"13":0,"14":0,"15":0,"16":0},"f":{"0":0,"1":0},"b":{"0":[0,0],"1":[0,0],"2":[0,0]},"_coverageSchema":"1a1c01bbd47fc00a2c39e90264f33305004495a9","hash":"64ac8422886eb65854bc724a91e01bc11c8d3beb"}
,"/home/rashid/Music/nepserv/tasks/back/src/controllers/rolesController.js": {"path":"/home/rashid/Music/nepserv/tasks/back/src/controllers/rolesController.js","statementMap":{"0":{"start":{"line":6,"column":25},"end":{"line":33,"column":1}},"1":{"start":{"line":8,"column":20},"end":{"line":8,"column":41}},"2":{"start":{"line":9,"column":4},"end":{"line":11,"column":7}},"3":{"start":{"line":14,"column":17},"end":{"line":14,"column":41}},"4":{"start":{"line":16,"column":22},"end":{"line":16,"column":56}},"5":{"start":{"line":17,"column":4},"end":{"line":19,"column":5}},"6":{"start":{"line":18,"column":6},"end":{"line":18,"column":73}},"7":{"start":{"line":21,"column":31},"end":{"line":21,"column":66}},"8":{"start":{"line":22,"column":4},"end":{"line":23,"column":74}},"9":{"start":{"line":23,"column":6},"end":{"line":23,"column":74}},"10":{"start":{"line":25,"column":19},"end":{"line":25,"column":46}},"11":{"start":{"line":26,"column":4},"end":{"line":26,"column":24}},"12":{"start":{"line":27,"column":4},"end":{"line":31,"column":7}}},"fnMap":{"0":{"name":"(anonymous_0)","decl":{"start":{"line":7,"column":2},"end":{"line":7,"column":3}},"loc":{"start":{"line":7,"column":30},"end":{"line":12,"column":3}},"line":7},"1":{"name":"(anonymous_1)","decl":{"start":{"line":13,"column":2},"end":{"line":13,"column":3}},"loc":{"start":{"line":13,"column":30},"end":{"line":32,"column":3}},"line":13}},"branchMap":{"0":{"loc":{"start":{"line":17,"column":4},"end":{"line":19,"column":5}},"type":"if","locations":[{"start":{"line":17,"column":4},"end":{"line":19,"column":5}},{"start":{"line":17,"column":4},"end":{"line":19,"column":5}}],"line":17},"1":{"loc":{"start":{"line":22,"column":4},"end":{"line":23,"column":74}},"type":"if","locations":[{"start":{"line":22,"column":4},"end":{"line":23,"column":74}},{"start":{"line":22,"column":4},"end":{"line":23,"column":74}}],"line":22}},"s":{"0":1,"1":0,"2":0,"3":0,"4":0,"5":0,"6":0,"7":0,"8":0,"9":0,"10":0,"11":0,"12":0},"f":{"0":0,"1":0},"b":{"0":[0,0],"1":[0,0]},"_coverageSchema":"1a1c01bbd47fc00a2c39e90264f33305004495a9","hash":"db58d42ff65460db5bc0c9503c4d5914ecd0b10d"}
,"/home/rashid/Music/nepserv/tasks/back/src/controllers/tasksController.js": {"path":"/home/rashid/Music/nepserv/tasks/back/src/controllers/tasksController.js","statementMap":{"0":{"start":{"line":6,"column":23},"end":{"line":305,"column":1}},"1":{"start":{"line":8,"column":24},"end":{"line":8,"column":54}},"2":{"start":{"line":10,"column":4},"end":{"line":14,"column":5}},"3":{"start":{"line":11,"column":6},"end":{"line":13,"column":67}},"4":{"start":{"line":16,"column":4},"end":{"line":16,"column":68}},"5":{"start":{"line":20,"column":24},"end":{"line":20,"column":57}},"6":{"start":{"line":22,"column":4},"end":{"line":26,"column":5}},"7":{"start":{"line":23,"column":6},"end":{"line":25,"column":67}},"8":{"start":{"line":28,"column":4},"end":{"line":28,"column":68}},"9":{"start":{"line":32,"column":24},"end":{"line":32,"column":64}},"10":{"start":{"line":34,"column":4},"end":{"line":38,"column":5}},"11":{"start":{"line":35,"column":6},"end":{"line":37,"column":67}},"12":{"start":{"line":40,"column":4},"end":{"line":40,"column":68}},"13":{"start":{"line":44,"column":24},"end":{"line":44,"column":62}},"14":{"start":{"line":46,"column":4},"end":{"line":50,"column":5}},"15":{"start":{"line":47,"column":6},"end":{"line":49,"column":67}},"16":{"start":{"line":52,"column":4},"end":{"line":52,"column":68}},"17":{"start":{"line":56,"column":17},"end":{"line":63,"column":6}},"18":{"start":{"line":65,"column":24},"end":{"line":65,"column":32}},"19":{"start":{"line":67,"column":22},"end":{"line":67,"column":47}},"20":{"start":{"line":68,"column":23},"end":{"line":68,"column":46}},"21":{"start":{"line":70,"column":4},"end":{"line":73,"column":75}},"22":{"start":{"line":71,"column":6},"end":{"line":73,"column":75}},"23":{"start":{"line":75,"column":22},"end":{"line":75,"column":58}},"24":{"start":{"line":76,"column":4},"end":{"line":79,"column":66}},"25":{"start":{"line":77,"column":6},"end":{"line":79,"column":66}},"26":{"start":{"line":81,"column":4},"end":{"line":91,"column":5}},"27":{"start":{"line":82,"column":26},"end":{"line":82,"column":70}},"28":{"start":{"line":84,"column":6},"end":{"line":90,"column":7}},"29":{"start":{"line":85,"column":8},"end":{"line":89,"column":11}},"30":{"start":{"line":93,"column":4},"end":{"line":101,"column":5}},"31":{"start":{"line":94,"column":30},"end":{"line":94,"column":78}},"32":{"start":{"line":95,"column":6},"end":{"line":100,"column":7}},"33":{"start":{"line":96,"column":8},"end":{"line":99,"column":11}},"34":{"start":{"line":103,"column":19},"end":{"line":103,"column":30}},"35":{"start":{"line":105,"column":23},"end":{"line":105,"column":60}},"36":{"start":{"line":107,"column":4},"end":{"line":111,"column":9}},"37":{"start":{"line":108,"column":6},"end":{"line":111,"column":9}},"38":{"start":{"line":113,"column":4},"end":{"line":117,"column":7}},"39":{"start":{"line":121,"column":19},"end":{"line":121,"column":47}},"40":{"start":{"line":123,"column":19},"end":{"line":123,"column":37}},"41":{"start":{"line":125,"column":22},"end":{"line":125,"column":65}},"42":{"start":{"line":126,"column":4},"end":{"line":130,"column":5}},"43":{"start":{"line":127,"column":6},"end":{"line":129,"column":66}},"44":{"start":{"line":134,"column":31},"end":{"line":134,"column":68}},"45":{"start":{"line":135,"column":4},"end":{"line":139,"column":5}},"46":{"start":{"line":136,"column":6},"end":{"line":138,"column":63}},"47":{"start":{"line":141,"column":24},"end":{"line":141,"column":70}},"48":{"start":{"line":142,"column":4},"end":{"line":147,"column":5}},"49":{"start":{"line":143,"column":6},"end":{"line":146,"column":9}},"50":{"start":{"line":151,"column":4},"end":{"line":151,"column":57}},"51":{"start":{"line":153,"column":4},"end":{"line":155,"column":68}},"52":{"start":{"line":159,"column":23},"end":{"line":159,"column":55}},"53":{"start":{"line":161,"column":19},"end":{"line":161,"column":37}},"54":{"start":{"line":163,"column":22},"end":{"line":163,"column":73}},"55":{"start":{"line":164,"column":4},"end":{"line":168,"column":5}},"56":{"start":{"line":165,"column":6},"end":{"line":167,"column":66}},"57":{"start":{"line":172,"column":31},"end":{"line":172,"column":68}},"58":{"start":{"line":173,"column":4},"end":{"line":177,"column":5}},"59":{"start":{"line":174,"column":6},"end":{"line":176,"column":63}},"60":{"start":{"line":179,"column":24},"end":{"line":179,"column":78}},"61":{"start":{"line":180,"column":4},"end":{"line":185,"column":5}},"62":{"start":{"line":181,"column":6},"end":{"line":184,"column":9}},"63":{"start":{"line":187,"column":4},"end":{"line":187,"column":69}},"64":{"start":{"line":189,"column":4},"end":{"line":191,"column":72}},"65":{"start":{"line":195,"column":21},"end":{"line":195,"column":60}},"66":{"start":{"line":197,"column":24},"end":{"line":197,"column":32}},"67":{"start":{"line":199,"column":22},"end":{"line":199,"column":69}},"68":{"start":{"line":200,"column":4},"end":{"line":204,"column":5}},"69":{"start":{"line":201,"column":6},"end":{"line":203,"column":66}},"70":{"start":{"line":206,"column":31},"end":{"line":206,"column":78}},"71":{"start":{"line":207,"column":4},"end":{"line":211,"column":5}},"72":{"start":{"line":208,"column":6},"end":{"line":210,"column":63}},"73":{"start":{"line":213,"column":19},"end":{"line":213,"column":30}},"74":{"start":{"line":214,"column":23},"end":{"line":214,"column":44}},"75":{"start":{"line":216,"column":4},"end":{"line":222,"column":5}},"76":{"start":{"line":217,"column":6},"end":{"line":221,"column":9}},"77":{"start":{"line":224,"column":4},"end":{"line":224,"column":71}},"78":{"start":{"line":226,"column":4},"end":{"line":228,"column":70}},"79":{"start":{"line":232,"column":19},"end":{"line":232,"column":37}},"80":{"start":{"line":234,"column":31},"end":{"line":234,"column":68}},"81":{"start":{"line":235,"column":4},"end":{"line":239,"column":5}},"82":{"start":{"line":236,"column":6},"end":{"line":238,"column":63}},"83":{"start":{"line":241,"column":4},"end":{"line":241,"column":41}},"84":{"start":{"line":243,"column":4},"end":{"line":245,"column":67}},"85":{"start":{"line":249,"column":19},"end":{"line":249,"column":37}},"86":{"start":{"line":251,"column":17},"end":{"line":258,"column":6}},"87":{"start":{"line":260,"column":24},"end":{"line":260,"column":32}},"88":{"start":{"line":262,"column":22},"end":{"line":262,"column":58}},"89":{"start":{"line":263,"column":4},"end":{"line":266,"column":66}},"90":{"start":{"line":264,"column":6},"end":{"line":266,"column":66}},"91":{"start":{"line":268,"column":31},"end":{"line":268,"column":68}},"92":{"start":{"line":269,"column":4},"end":{"line":273,"column":5}},"93":{"start":{"line":270,"column":6},"end":{"line":272,"column":63}},"94":{"start":{"line":275,"column":19},"end":{"line":275,"column":30}},"95":{"start":{"line":276,"column":35},"end":{"line":276,"column":56}},"96":{"start":{"line":285,"column":21},"end":{"line":285,"column":66}},"97":{"start":{"line":287,"column":4},"end":{"line":290,"column":7}},"98":{"start":{"line":293,"column":19},"end":{"line":293,"column":37}},"99":{"start":{"line":295,"column":20},"end":{"line":295,"column":60}},"100":{"start":{"line":297,"column":4},"end":{"line":302,"column":5}},"101":{"start":{"line":298,"column":6},"end":{"line":301,"column":9}},"102":{"start":{"line":303,"column":4},"end":{"line":303,"column":67}}},"fnMap":{"0":{"name":"(anonymous_0)","decl":{"start":{"line":7,"column":2},"end":{"line":7,"column":3}},"loc":{"start":{"line":7,"column":30},"end":{"line":17,"column":3}},"line":7},"1":{"name":"(anonymous_1)","decl":{"start":{"line":19,"column":2},"end":{"line":19,"column":3}},"loc":{"start":{"line":19,"column":33},"end":{"line":29,"column":3}},"line":19},"2":{"name":"(anonymous_2)","decl":{"start":{"line":31,"column":2},"end":{"line":31,"column":3}},"loc":{"start":{"line":31,"column":40},"end":{"line":41,"column":3}},"line":31},"3":{"name":"(anonymous_3)","decl":{"start":{"line":43,"column":2},"end":{"line":43,"column":3}},"loc":{"start":{"line":43,"column":38},"end":{"line":53,"column":3}},"line":43},"4":{"name":"(anonymous_4)","decl":{"start":{"line":55,"column":2},"end":{"line":55,"column":3}},"loc":{"start":{"line":55,"column":31},"end":{"line":118,"column":3}},"line":55},"5":{"name":"(anonymous_5)","decl":{"start":{"line":120,"column":2},"end":{"line":120,"column":3}},"loc":{"start":{"line":120,"column":33},"end":{"line":156,"column":3}},"line":120},"6":{"name":"(anonymous_6)","decl":{"start":{"line":158,"column":2},"end":{"line":158,"column":3}},"loc":{"start":{"line":158,"column":35},"end":{"line":192,"column":3}},"line":158},"7":{"name":"(anonymous_7)","decl":{"start":{"line":194,"column":2},"end":{"line":194,"column":3}},"loc":{"start":{"line":194,"column":33},"end":{"line":229,"column":3}},"line":194},"8":{"name":"(anonymous_8)","decl":{"start":{"line":231,"column":2},"end":{"line":231,"column":3}},"loc":{"start":{"line":231,"column":29},"end":{"line":246,"column":3}},"line":231},"9":{"name":"(anonymous_9)","decl":{"start":{"line":248,"column":2},"end":{"line":248,"column":3}},"loc":{"start":{"line":248,"column":33},"end":{"line":291,"column":3}},"line":248},"10":{"name":"(anonymous_10)","decl":{"start":{"line":292,"column":2},"end":{"line":292,"column":3}},"loc":{"start":{"line":292,"column":32},"end":{"line":304,"column":3}},"line":292}},"branchMap":{"0":{"loc":{"start":{"line":10,"column":4},"end":{"line":14,"column":5}},"type":"if","locations":[{"start":{"line":10,"column":4},"end":{"line":14,"column":5}},{"start":{"line":10,"column":4},"end":{"line":14,"column":5}}],"line":10},"1":{"loc":{"start":{"line":22,"column":4},"end":{"line":26,"column":5}},"type":"if","locations":[{"start":{"line":22,"column":4},"end":{"line":26,"column":5}},{"start":{"line":22,"column":4},"end":{"line":26,"column":5}}],"line":22},"2":{"loc":{"start":{"line":34,"column":4},"end":{"line":38,"column":5}},"type":"if","locations":[{"start":{"line":34,"column":4},"end":{"line":38,"column":5}},{"start":{"line":34,"column":4},"end":{"line":38,"column":5}}],"line":34},"3":{"loc":{"start":{"line":46,"column":4},"end":{"line":50,"column":5}},"type":"if","locations":[{"start":{"line":46,"column":4},"end":{"line":50,"column":5}},{"start":{"line":46,"column":4},"end":{"line":50,"column":5}}],"line":46},"4":{"loc":{"start":{"line":70,"column":4},"end":{"line":73,"column":75}},"type":"if","locations":[{"start":{"line":70,"column":4},"end":{"line":73,"column":75}},{"start":{"line":70,"column":4},"end":{"line":73,"column":75}}],"line":70},"5":{"loc":{"start":{"line":76,"column":4},"end":{"line":79,"column":66}},"type":"if","locations":[{"start":{"line":76,"column":4},"end":{"line":79,"column":66}},{"start":{"line":76,"column":4},"end":{"line":79,"column":66}}],"line":76},"6":{"loc":{"start":{"line":81,"column":4},"end":{"line":91,"column":5}},"type":"if","locations":[{"start":{"line":81,"column":4},"end":{"line":91,"column":5}},{"start":{"line":81,"column":4},"end":{"line":91,"column":5}}],"line":81},"7":{"loc":{"start":{"line":84,"column":6},"end":{"line":90,"column":7}},"type":"if","locations":[{"start":{"line":84,"column":6},"end":{"line":90,"column":7}},{"start":{"line":84,"column":6},"end":{"line":90,"column":7}}],"line":84},"8":{"loc":{"start":{"line":93,"column":4},"end":{"line":101,"column":5}},"type":"if","locations":[{"start":{"line":93,"column":4},"end":{"line":101,"column":5}},{"start":{"line":93,"column":4},"end":{"line":101,"column":5}}],"line":93},"9":{"loc":{"start":{"line":95,"column":6},"end":{"line":100,"column":7}},"type":"if","locations":[{"start":{"line":95,"column":6},"end":{"line":100,"column":7}},{"start":{"line":95,"column":6},"end":{"line":100,"column":7}}],"line":95},"10":{"loc":{"start":{"line":107,"column":4},"end":{"line":111,"column":9}},"type":"if","locations":[{"start":{"line":107,"column":4},"end":{"line":111,"column":9}},{"start":{"line":107,"column":4},"end":{"line":111,"column":9}}],"line":107},"11":{"loc":{"start":{"line":126,"column":4},"end":{"line":130,"column":5}},"type":"if","locations":[{"start":{"line":126,"column":4},"end":{"line":130,"column":5}},{"start":{"line":126,"column":4},"end":{"line":130,"column":5}}],"line":126},"12":{"loc":{"start":{"line":135,"column":4},"end":{"line":139,"column":5}},"type":"if","locations":[{"start":{"line":135,"column":4},"end":{"line":139,"column":5}},{"start":{"line":135,"column":4},"end":{"line":139,"column":5}}],"line":135},"13":{"loc":{"start":{"line":142,"column":4},"end":{"line":147,"column":5}},"type":"if","locations":[{"start":{"line":142,"column":4},"end":{"line":147,"column":5}},{"start":{"line":142,"column":4},"end":{"line":147,"column":5}}],"line":142},"14":{"loc":{"start":{"line":164,"column":4},"end":{"line":168,"column":5}},"type":"if","locations":[{"start":{"line":164,"column":4},"end":{"line":168,"column":5}},{"start":{"line":164,"column":4},"end":{"line":168,"column":5}}],"line":164},"15":{"loc":{"start":{"line":173,"column":4},"end":{"line":177,"column":5}},"type":"if","locations":[{"start":{"line":173,"column":4},"end":{"line":177,"column":5}},{"start":{"line":173,"column":4},"end":{"line":177,"column":5}}],"line":173},"16":{"loc":{"start":{"line":180,"column":4},"end":{"line":185,"column":5}},"type":"if","locations":[{"start":{"line":180,"column":4},"end":{"line":185,"column":5}},{"start":{"line":180,"column":4},"end":{"line":185,"column":5}}],"line":180},"17":{"loc":{"start":{"line":200,"column":4},"end":{"line":204,"column":5}},"type":"if","locations":[{"start":{"line":200,"column":4},"end":{"line":204,"column":5}},{"start":{"line":200,"column":4},"end":{"line":204,"column":5}}],"line":200},"18":{"loc":{"start":{"line":207,"column":4},"end":{"line":211,"column":5}},"type":"if","locations":[{"start":{"line":207,"column":4},"end":{"line":211,"column":5}},{"start":{"line":207,"column":4},"end":{"line":211,"column":5}}],"line":207},"19":{"loc":{"start":{"line":216,"column":4},"end":{"line":222,"column":5}},"type":"if","locations":[{"start":{"line":216,"column":4},"end":{"line":222,"column":5}},{"start":{"line":216,"column":4},"end":{"line":222,"column":5}}],"line":216},"20":{"loc":{"start":{"line":235,"column":4},"end":{"line":239,"column":5}},"type":"if","locations":[{"start":{"line":235,"column":4},"end":{"line":239,"column":5}},{"start":{"line":235,"column":4},"end":{"line":239,"column":5}}],"line":235},"21":{"loc":{"start":{"line":263,"column":4},"end":{"line":266,"column":66}},"type":"if","locations":[{"start":{"line":263,"column":4},"end":{"line":266,"column":66}},{"start":{"line":263,"column":4},"end":{"line":266,"column":66}}],"line":263},"22":{"loc":{"start":{"line":269,"column":4},"end":{"line":273,"column":5}},"type":"if","locations":[{"start":{"line":269,"column":4},"end":{"line":273,"column":5}},{"start":{"line":269,"column":4},"end":{"line":273,"column":5}}],"line":269},"23":{"loc":{"start":{"line":297,"column":4},"end":{"line":302,"column":5}},"type":"if","locations":[{"start":{"line":297,"column":4},"end":{"line":302,"column":5}},{"start":{"line":297,"column":4},"end":{"line":302,"column":5}}],"line":297}},"s":{"0":1,"1":0,"2":0,"3":0,"4":0,"5":0,"6":0,"7":0,"8":0,"9":0,"10":0,"11":0,"12":0,"13":0,"14":0,"15":0,"16":0,"17":0,"18":0,"19":0,"20":0,"21":0,"22":0,"23":0,"24":0,"25":0,"26":0,"27":0,"28":0,"29":0,"30":0,"31":0,"32":0,"33":0,"34":0,"35":0,"36":0,"37":0,"38":0,"39":0,"40":0,"41":0,"42":0,"43":0,"44":0,"45":0,"46":0,"47":0,"48":0,"49":0,"50":0,"51":0,"52":0,"53":0,"54":0,"55":0,"56":0,"57":0,"58":0,"59":0,"60":0,"61":0,"62":0,"63":0,"64":0,"65":0,"66":0,"67":0,"68":0,"69":0,"70":0,"71":0,"72":0,"73":0,"74":0,"75":0,"76":0,"77":0,"78":0,"79":0,"80":0,"81":0,"82":0,"83":0,"84":0,"85":0,"86":0,"87":0,"88":0,"89":0,"90":0,"91":0,"92":0,"93":0,"94":0,"95":0,"96":0,"97":0,"98":0,"99":0,"100":0,"101":0,"102":0},"f":{"0":0,"1":0,"2":0,"3":0,"4":0,"5":0,"6":0,"7":0,"8":0,"9":0,"10":0},"b":{"0":[0,0],"1":[0,0],"2":[0,0],"3":[0,0],"4":[0,0],"5":[0,0],"6":[0,0],"7":[0,0],"8":[0,0],"9":[0,0],"10":[0,0],"11":[0,0],"12":[0,0],"13":[0,0],"14":[0,0],"15":[0,0],"16":[0,0],"17":[0,0],"18":[0,0],"19":[0,0],"20":[0,0],"21":[0,0],"22":[0,0],"23":[0,0]},"_coverageSchema":"1a1c01bbd47fc00a2c39e90264f33305004495a9","hash":"f386ab27dcded769dd2939bbb9829135c0b65a6f"}
,"/home/rashid/Music/nepserv/tasks/back/src/database/connections/connection.js": {"path":"/home/rashid/Music/nepserv/tasks/back/src/database/connections/connection.js","statementMap":{"0":{"start":{"line":5,"column":13},"end":{"line":7,"column":2}},"1":{"start":{"line":9,"column":0},"end":{"line":15,"column":3}},"2":{"start":{"line":10,"column":2},"end":{"line":10,"column":67}},"3":{"start":{"line":10,"column":11},"end":{"line":10,"column":67}},"4":{"start":{"line":11,"column":2},"end":{"line":14,"column":4}}},"fnMap":{"0":{"name":"(anonymous_0)","decl":{"start":{"line":9,"column":13},"end":{"line":9,"column":14}},"loc":{"start":{"line":9,"column":27},"end":{"line":15,"column":1}},"line":9}},"branchMap":{"0":{"loc":{"start":{"line":10,"column":2},"end":{"line":10,"column":67}},"type":"if","locations":[{"start":{"line":10,"column":2},"end":{"line":10,"column":67}},{"start":{"line":10,"column":2},"end":{"line":10,"column":67}}],"line":10}},"s":{"0":1,"1":1,"2":1,"3":0,"4":1},"f":{"0":1},"b":{"0":[0,1]},"_coverageSchema":"1a1c01bbd47fc00a2c39e90264f33305004495a9","hash":"09e8a2b2febf7c70358d458f02f4136a4d6ece3f"}
,"/home/rashid/Music/nepserv/tasks/back/src/database/connections/tables.js": {"path":"/home/rashid/Music/nepserv/tasks/back/src/database/connections/tables.js","statementMap":{"0":{"start":{"line":1,"column":14},"end":{"line":18,"column":1}},"1":{"start":{"line":20,"column":17},"end":{"line":32,"column":1}},"2":{"start":{"line":34,"column":14},"end":{"line":52,"column":1}},"3":{"start":{"line":54,"column":14},"end":{"line":62,"column":1}},"4":{"start":{"line":64,"column":17},"end":{"line":74,"column":1}},"5":{"start":{"line":76,"column":14},"end":{"line":95,"column":1}}},"fnMap":{},"branchMap":{},"s":{"0":1,"1":1,"2":1,"3":1,"4":1,"5":1},"f":{},"b":{},"_coverageSchema":"1a1c01bbd47fc00a2c39e90264f33305004495a9","hash":"8b5242f3788d2620f2859b6945ad0607a03c05c1"}
,"/home/rashid/Music/nepserv/tasks/back/src/database/models/authModel.js": {"path":"/home/rashid/Music/nepserv/tasks/back/src/database/models/authModel.js","statementMap":{"0":{"start":{"line":3,"column":18},"end":{"line":199,"column":1}},"1":{"start":{"line":5,"column":4},"end":{"line":30,"column":9}},"2":{"start":{"line":6,"column":24},"end":{"line":15,"column":9}},"3":{"start":{"line":16,"column":6},"end":{"line":23,"column":9}},"4":{"start":{"line":17,"column":8},"end":{"line":20,"column":9}},"5":{"start":{"line":18,"column":27},"end":{"line":18,"column":30}},"6":{"start":{"line":19,"column":10},"end":{"line":19,"column":31}},"7":{"start":{"line":22,"column":8},"end":{"line":22,"column":27}},"8":{"start":{"line":26,"column":8},"end":{"line":26,"column":22}},"9":{"start":{"line":29,"column":8},"end":{"line":29,"column":19}},"10":{"start":{"line":33,"column":4},"end":{"line":57,"column":9}},"11":{"start":{"line":34,"column":24},"end":{"line":43,"column":9}},"12":{"start":{"line":44,"column":6},"end":{"line":50,"column":9}},"13":{"start":{"line":45,"column":8},"end":{"line":48,"column":9}},"14":{"start":{"line":46,"column":27},"end":{"line":46,"column":30}},"15":{"start":{"line":47,"column":10},"end":{"line":47,"column":31}},"16":{"start":{"line":49,"column":8},"end":{"line":49,"column":27}},"17":{"start":{"line":53,"column":8},"end":{"line":53,"column":22}},"18":{"start":{"line":56,"column":8},"end":{"line":56,"column":19}},"19":{"start":{"line":60,"column":4},"end":{"line":84,"column":9}},"20":{"start":{"line":61,"column":24},"end":{"line":69,"column":25}},"21":{"start":{"line":71,"column":6},"end":{"line":77,"column":9}},"22":{"start":{"line":72,"column":8},"end":{"line":75,"column":9}},"23":{"start":{"line":73,"column":27},"end":{"line":73,"column":30}},"24":{"start":{"line":74,"column":10},"end":{"line":74,"column":31}},"25":{"start":{"line":76,"column":8},"end":{"line":76,"column":27}},"26":{"start":{"line":80,"column":8},"end":{"line":80,"column":22}},"27":{"start":{"line":83,"column":8},"end":{"line":83,"column":17}},"28":{"start":{"line":87,"column":4},"end":{"line":114,"column":9}},"29":{"start":{"line":88,"column":24},"end":{"line":100,"column":9}},"30":{"start":{"line":101,"column":6},"end":{"line":107,"column":9}},"31":{"start":{"line":102,"column":8},"end":{"line":105,"column":9}},"32":{"start":{"line":103,"column":27},"end":{"line":103,"column":30}},"33":{"start":{"line":104,"column":10},"end":{"line":104,"column":31}},"34":{"start":{"line":106,"column":8},"end":{"line":106,"column":27}},"35":{"start":{"line":110,"column":8},"end":{"line":110,"column":22}},"36":{"start":{"line":113,"column":8},"end":{"line":113,"column":19}},"37":{"start":{"line":117,"column":4},"end":{"line":137,"column":9}},"38":{"start":{"line":118,"column":24},"end":{"line":123,"column":9}},"39":{"start":{"line":124,"column":6},"end":{"line":130,"column":9}},"40":{"start":{"line":125,"column":8},"end":{"line":128,"column":9}},"41":{"start":{"line":126,"column":27},"end":{"line":126,"column":30}},"42":{"start":{"line":127,"column":10},"end":{"line":127,"column":31}},"43":{"start":{"line":129,"column":8},"end":{"line":129,"column":27}},"44":{"start":{"line":133,"column":8},"end":{"line":133,"column":22}},"45":{"start":{"line":136,"column":8},"end":{"line":136,"column":19}},"46":{"start":{"line":140,"column":4},"end":{"line":155,"column":9}},"47":{"start":{"line":141,"column":24},"end":{"line":141,"column":65}},"48":{"start":{"line":142,"column":6},"end":{"line":148,"column":9}},"49":{"start":{"line":143,"column":8},"end":{"line":146,"column":9}},"50":{"start":{"line":144,"column":27},"end":{"line":144,"column":30}},"51":{"start":{"line":145,"column":10},"end":{"line":145,"column":31}},"52":{"start":{"line":147,"column":8},"end":{"line":147,"column":27}},"53":{"start":{"line":151,"column":8},"end":{"line":151,"column":22}},"54":{"start":{"line":154,"column":8},"end":{"line":154,"column":19}},"55":{"start":{"line":159,"column":4},"end":{"line":174,"column":9}},"56":{"start":{"line":160,"column":24},"end":{"line":160,"column":95}},"57":{"start":{"line":161,"column":6},"end":{"line":167,"column":9}},"58":{"start":{"line":162,"column":8},"end":{"line":165,"column":9}},"59":{"start":{"line":163,"column":27},"end":{"line":163,"column":30}},"60":{"start":{"line":164,"column":10},"end":{"line":164,"column":31}},"61":{"start":{"line":166,"column":8},"end":{"line":166,"column":27}},"62":{"start":{"line":170,"column":8},"end":{"line":170,"column":22}},"63":{"start":{"line":173,"column":8},"end":{"line":173,"column":19}},"64":{"start":{"line":178,"column":4},"end":{"line":197,"column":9}},"65":{"start":{"line":179,"column":24},"end":{"line":183,"column":34}},"66":{"start":{"line":184,"column":6},"end":{"line":190,"column":9}},"67":{"start":{"line":185,"column":8},"end":{"line":188,"column":9}},"68":{"start":{"line":186,"column":27},"end":{"line":186,"column":30}},"69":{"start":{"line":187,"column":10},"end":{"line":187,"column":31}},"70":{"start":{"line":189,"column":8},"end":{"line":189,"column":27}},"71":{"start":{"line":193,"column":8},"end":{"line":193,"column":22}},"72":{"start":{"line":196,"column":8},"end":{"line":196,"column":19}}},"fnMap":{"0":{"name":"(anonymous_0)","decl":{"start":{"line":4,"column":2},"end":{"line":4,"column":3}},"loc":{"start":{"line":4,"column":24},"end":{"line":31,"column":3}},"line":4},"1":{"name":"(anonymous_1)","decl":{"start":{"line":5,"column":23},"end":{"line":5,"column":24}},"loc":{"start":{"line":5,"column":50},"end":{"line":24,"column":5}},"line":5},"2":{"name":"(anonymous_2)","decl":{"start":{"line":16,"column":32},"end":{"line":16,"column":33}},"loc":{"start":{"line":16,"column":46},"end":{"line":23,"column":7}},"line":16},"3":{"name":"(anonymous_3)","decl":{"start":{"line":25,"column":12},"end":{"line":25,"column":13}},"loc":{"start":{"line":25,"column":24},"end":{"line":27,"column":7}},"line":25},"4":{"name":"(anonymous_4)","decl":{"start":{"line":28,"column":13},"end":{"line":28,"column":14}},"loc":{"start":{"line":28,"column":22},"end":{"line":30,"column":7}},"line":28},"5":{"name":"(anonymous_5)","decl":{"start":{"line":32,"column":2},"end":{"line":32,"column":3}},"loc":{"start":{"line":32,"column":33},"end":{"line":58,"column":3}},"line":32},"6":{"name":"(anonymous_6)","decl":{"start":{"line":33,"column":23},"end":{"line":33,"column":24}},"loc":{"start":{"line":33,"column":50},"end":{"line":51,"column":5}},"line":33},"7":{"name":"(anonymous_7)","decl":{"start":{"line":44,"column":42},"end":{"line":44,"column":43}},"loc":{"start":{"line":44,"column":56},"end":{"line":50,"column":7}},"line":44},"8":{"name":"(anonymous_8)","decl":{"start":{"line":52,"column":12},"end":{"line":52,"column":13}},"loc":{"start":{"line":52,"column":24},"end":{"line":54,"column":7}},"line":52},"9":{"name":"(anonymous_9)","decl":{"start":{"line":55,"column":13},"end":{"line":55,"column":14}},"loc":{"start":{"line":55,"column":22},"end":{"line":57,"column":7}},"line":55},"10":{"name":"(anonymous_10)","decl":{"start":{"line":59,"column":2},"end":{"line":59,"column":3}},"loc":{"start":{"line":59,"column":24},"end":{"line":85,"column":3}},"line":59},"11":{"name":"(anonymous_11)","decl":{"start":{"line":60,"column":23},"end":{"line":60,"column":24}},"loc":{"start":{"line":60,"column":50},"end":{"line":78,"column":5}},"line":60},"12":{"name":"(anonymous_12)","decl":{"start":{"line":71,"column":32},"end":{"line":71,"column":33}},"loc":{"start":{"line":71,"column":46},"end":{"line":77,"column":7}},"line":71},"13":{"name":"(anonymous_13)","decl":{"start":{"line":79,"column":12},"end":{"line":79,"column":13}},"loc":{"start":{"line":79,"column":24},"end":{"line":81,"column":7}},"line":79},"14":{"name":"(anonymous_14)","decl":{"start":{"line":82,"column":13},"end":{"line":82,"column":14}},"loc":{"start":{"line":82,"column":20},"end":{"line":84,"column":7}},"line":82},"15":{"name":"(anonymous_15)","decl":{"start":{"line":86,"column":2},"end":{"line":86,"column":3}},"loc":{"start":{"line":86,"column":25},"end":{"line":115,"column":3}},"line":86},"16":{"name":"(anonymous_16)","decl":{"start":{"line":87,"column":23},"end":{"line":87,"column":24}},"loc":{"start":{"line":87,"column":50},"end":{"line":108,"column":5}},"line":87},"17":{"name":"(anonymous_17)","decl":{"start":{"line":101,"column":41},"end":{"line":101,"column":42}},"loc":{"start":{"line":101,"column":55},"end":{"line":107,"column":7}},"line":101},"18":{"name":"(anonymous_18)","decl":{"start":{"line":109,"column":12},"end":{"line":109,"column":13}},"loc":{"start":{"line":109,"column":24},"end":{"line":111,"column":7}},"line":109},"19":{"name":"(anonymous_19)","decl":{"start":{"line":112,"column":13},"end":{"line":112,"column":14}},"loc":{"start":{"line":112,"column":22},"end":{"line":114,"column":7}},"line":112},"20":{"name":"(anonymous_20)","decl":{"start":{"line":116,"column":2},"end":{"line":116,"column":3}},"loc":{"start":{"line":116,"column":32},"end":{"line":138,"column":3}},"line":116},"21":{"name":"(anonymous_21)","decl":{"start":{"line":117,"column":23},"end":{"line":117,"column":24}},"loc":{"start":{"line":117,"column":50},"end":{"line":131,"column":5}},"line":117},"22":{"name":"(anonymous_22)","decl":{"start":{"line":124,"column":44},"end":{"line":124,"column":45}},"loc":{"start":{"line":124,"column":58},"end":{"line":130,"column":7}},"line":124},"23":{"name":"(anonymous_23)","decl":{"start":{"line":132,"column":12},"end":{"line":132,"column":13}},"loc":{"start":{"line":132,"column":24},"end":{"line":134,"column":7}},"line":132},"24":{"name":"(anonymous_24)","decl":{"start":{"line":135,"column":13},"end":{"line":135,"column":14}},"loc":{"start":{"line":135,"column":22},"end":{"line":137,"column":7}},"line":135},"25":{"name":"(anonymous_25)","decl":{"start":{"line":139,"column":2},"end":{"line":139,"column":3}},"loc":{"start":{"line":139,"column":22},"end":{"line":156,"column":3}},"line":139},"26":{"name":"(anonymous_26)","decl":{"start":{"line":140,"column":23},"end":{"line":140,"column":24}},"loc":{"start":{"line":140,"column":50},"end":{"line":149,"column":5}},"line":140},"27":{"name":"(anonymous_27)","decl":{"start":{"line":142,"column":38},"end":{"line":142,"column":39}},"loc":{"start":{"line":142,"column":52},"end":{"line":148,"column":7}},"line":142},"28":{"name":"(anonymous_28)","decl":{"start":{"line":150,"column":12},"end":{"line":150,"column":13}},"loc":{"start":{"line":150,"column":24},"end":{"line":152,"column":7}},"line":150},"29":{"name":"(anonymous_29)","decl":{"start":{"line":153,"column":13},"end":{"line":153,"column":14}},"loc":{"start":{"line":153,"column":22},"end":{"line":155,"column":7}},"line":153},"30":{"name":"(anonymous_30)","decl":{"start":{"line":158,"column":2},"end":{"line":158,"column":3}},"loc":{"start":{"line":158,"column":39},"end":{"line":175,"column":3}},"line":158},"31":{"name":"(anonymous_31)","decl":{"start":{"line":159,"column":23},"end":{"line":159,"column":24}},"loc":{"start":{"line":159,"column":50},"end":{"line":168,"column":5}},"line":159},"32":{"name":"(anonymous_32)","decl":{"start":{"line":161,"column":32},"end":{"line":161,"column":33}},"loc":{"start":{"line":161,"column":46},"end":{"line":167,"column":7}},"line":161},"33":{"name":"(anonymous_33)","decl":{"start":{"line":169,"column":12},"end":{"line":169,"column":13}},"loc":{"start":{"line":169,"column":24},"end":{"line":171,"column":7}},"line":169},"34":{"name":"(anonymous_34)","decl":{"start":{"line":172,"column":13},"end":{"line":172,"column":14}},"loc":{"start":{"line":172,"column":22},"end":{"line":174,"column":7}},"line":172},"35":{"name":"(anonymous_35)","decl":{"start":{"line":177,"column":2},"end":{"line":177,"column":3}},"loc":{"start":{"line":177,"column":37},"end":{"line":198,"column":3}},"line":177},"36":{"name":"(anonymous_36)","decl":{"start":{"line":178,"column":23},"end":{"line":178,"column":24}},"loc":{"start":{"line":178,"column":50},"end":{"line":191,"column":5}},"line":178},"37":{"name":"(anonymous_37)","decl":{"start":{"line":184,"column":32},"end":{"line":184,"column":33}},"loc":{"start":{"line":184,"column":46},"end":{"line":190,"column":7}},"line":184},"38":{"name":"(anonymous_38)","decl":{"start":{"line":192,"column":12},"end":{"line":192,"column":13}},"loc":{"start":{"line":192,"column":24},"end":{"line":194,"column":7}},"line":192},"39":{"name":"(anonymous_39)","decl":{"start":{"line":195,"column":13},"end":{"line":195,"column":14}},"loc":{"start":{"line":195,"column":22},"end":{"line":197,"column":7}},"line":195}},"branchMap":{"0":{"loc":{"start":{"line":17,"column":8},"end":{"line":20,"column":9}},"type":"if","locations":[{"start":{"line":17,"column":8},"end":{"line":20,"column":9}},{"start":{"line":17,"column":8},"end":{"line":20,"column":9}}],"line":17},"1":{"loc":{"start":{"line":45,"column":8},"end":{"line":48,"column":9}},"type":"if","locations":[{"start":{"line":45,"column":8},"end":{"line":48,"column":9}},{"start":{"line":45,"column":8},"end":{"line":48,"column":9}}],"line":45},"2":{"loc":{"start":{"line":72,"column":8},"end":{"line":75,"column":9}},"type":"if","locations":[{"start":{"line":72,"column":8},"end":{"line":75,"column":9}},{"start":{"line":72,"column":8},"end":{"line":75,"column":9}}],"line":72},"3":{"loc":{"start":{"line":102,"column":8},"end":{"line":105,"column":9}},"type":"if","
[...]
,"/home/rashid/Music/nepserv/tasks/back/src/endpoints/issuesRoutes.js": {"path":"/home/rashid/Music/nepserv/tasks/back/src/endpoints/issuesRoutes.js","statementMap":{"0":{"start":{"line":5,"column":15},"end":{"line":5,"column":23}},"1":{"start":{"line":7,"column":0},"end":{"line":7,"column":72}},"2":{"start":{"line":9,"column":0},"end":{"line":9,"column":57}},"3":{"start":{"line":11,"column":0},"end":{"line":11,"column":65}},"4":{"start":{"line":13,"column":0},"end":{"line":13,"column":63}},"5":{"start":{"line":15,"column":0},"end":{"line":15,"column":69}},"6":{"start":{"line":17,"column":0},"end":{"line":17,"column":78}},"7":{"start":{"line":19,"column":0},"end":{"line":19,"column":66}},"8":{"start":{"line":21,"column":0},"end":{"line":21,"column":76}},"9":{"start":{"line":23,"column":0},"end":{"line":23,"column":69}}},"fnMap":{},"branchMap":{},"s":{"0":1,"1":1,"2":1,"3":1,"4":1,"5":1,"6":1,"7":1,"8":1,"9":1},"f":{},"b":{},"_coverageSchema":"1a1c01bbd47fc00a2c39e90264f33305004495a9","hash":"c519775d2598eff657ec7394df6f82ecf12e1f14"}
,"/home/rashid/Music/nepserv/tasks/back/src/endpoints/permissionRoutes.js": {"path":"/home/rashid/Music/nepserv/tasks/back/src/endpoints/permissionRoutes.js","statementMap":{"0":{"start":{"line":5,"column":15},"end":{"line":5,"column":23}},"1":{"start":{"line":7,"column":0},"end":{"line":7,"column":64}},"2":{"start":{"line":9,"column":0},"end":{"line":9,"column":68}},"3":{"start":{"line":11,"column":0},"end":{"line":11,"column":79}},"4":{"start":{"line":13,"column":0},"end":{"line":17,"column":2}},"5":{"start":{"line":19,"column":0},"end":{"line":23,"column":2}}},"fnMap":{},"branchMap":{},"s":{"0":1,"1":1,"2":1,"3":1,"4":1,"5":1},"f":{},"b":{},"_coverageSchema":"1a1c01bbd47fc00a2c39e90264f33305004495a9","hash":"5cf7e6abf3e69d00fc669a39094daebfd725dd7a"}
,"/home/rashid/Music/nepserv/tasks/back/src/endpoints/productRoutes.js": {"path":"/home/rashid/Music/nepserv/tasks/back/src/endpoints/productRoutes.js","statementMap":{"0":{"start":{"line":5,"column":15},"end":{"line":5,"column":23}},"1":{"start":{"line":7,"column":0},"end":{"line":7,"column":70}},"2":{"start":{"line":9,"column":0},"end":{"line":9,"column":59}}},"fnMap":{},"branchMap":{},"s":{"0":1,"1":1,"2":1},"f":{},"b":{},"_coverageSchema":"1a1c01bbd47fc00a2c39e90264f33305004495a9","hash":"e2ab29dfbb00c393c949286059b1b7f5dfed4098"}
,"/home/rashid/Music/nepserv/tasks/back/src/endpoints/rolesRoutes.js": {"path":"/home/rashid/Music/nepserv/tasks/back/src/endpoints/rolesRoutes.js","statementMap":{"0":{"start":{"line":5,"column":15},"end":{"line":5,"column":23}},"1":{"start":{"line":7,"column":0},"end":{"line":7,"column":41}},"2":{"start":{"line":9,"column":0},"end":{"line":9,"column":40}}},"fnMap":{},"branchMap":{},"s":{"0":1,"1":1,"2":1},"f":{},"b":{},"_coverageSchema":"1a1c01bbd47fc00a2c39e90264f33305004495a9","hash":"26b4c0ca4e291e07b19638a1b8860397543ab0b0"}
,"/home/rashid/Music/nepserv/tasks/back/src/endpoints/taskRoutes.js": {"path":"/home/rashid/Music/nepserv/tasks/back/src/endpoints/taskRoutes.js","statementMap":{"0":{"start":{"line":5,"column":15},"end":{"line":5,"column":23}},"1":{"start":{"line":7,"column":0},"end":{"line":7,"column":52}},"2":{"start":{"line":9,"column":0},"end":{"line":9,"column":50}},"3":{"start":{"line":11,"column":0},"end":{"line":11,"column":56}},"4":{"start":{"line":13,"column":0},"end":{"line":13,"column":68}},"5":{"start":{"line":15,"column":0},"end":{"line":15,"column":66}},"6":{"start":{"line":17,"column":0},"end":{"line":17,"column":60}},"7":{"start":{"line":19,"column":0},"end":{"line":19,"column":61}},"8":{"start":{"line":21,"column":0},"end":{"line":21,"column":60}},"9":{"start":{"line":23,"column":0},"end":{"line":23,"column":63}},"10":{"start":{"line":25,"column":0},"end":{"line":25,"column":76}},"11":{"start":{"line":27,"column":0},"end":{"line":27,"column":68}}},"fnMap":{},"branchMap":{},"s":{"0":1,"1":1,"2":1,"3":1,"4":1,"5":1,"6":1,"7":1,"8":1,"9":1,"10":1,"11":1},"f":{},"b":{},"_coverageSchema":"1a1c01bbd47fc00a2c39e90264f33305004495a9","hash":"9da5120c6a8b1a86d0db758fc323d45a31d1f5a3"}
,"/home/rashid/Music/nepserv/tasks/back/src/helpers/generateHash.js": {"path":"/home/rashid/Music/nepserv/tasks/back/src/helpers/generateHash.js","statementMap":{"0":{"start":{"line":4,"column":22},"end":{"line":4,"column":40}},"1":{"start":{"line":5,"column":2},"end":{"line":5,"column":21}}},"fnMap":{"0":{"name":"generatePassHash","decl":{"start":{"line":3,"column":9},"end":{"line":3,"column":25}},"loc":{"start":{"line":3,"column":36},"end":{"line":6,"column":1}},"line":3}},"branchMap":{},"s":{"0":21,"1":21},"f":{"0":21},"b":{},"_coverageSchema":"1a1c01bbd47fc00a2c39e90264f33305004495a9","hash":"8ae405f6fce1705fe81d1dd9fdea3998f0405240"}
,"/home/rashid/Music/nepserv/tasks/back/src/helpers/generateToken.js": {"path":"/home/rashid/Music/nepserv/tasks/back/src/helpers/generateToken.js","statementMap":{"0":{"start":{"line":4,"column":22},"end":{"line":16,"column":1}},"1":{"start":{"line":5,"column":16},"end":{"line":14,"column":3}},"2":{"start":{"line":15,"column":2},"end":{"line":15,"column":15}}},"fnMap":{"0":{"name":"(anonymous_0)","decl":{"start":{"line":4,"column":22},"end":{"line":4,"column":23}},"loc":{"start":{"line":4,"column":66},"end":{"line":16,"column":1}},"line":4}},"branchMap":{},"s":{"0":1,"1":8,"2":8},"f":{"0":8},"b":{},"_coverageSchema":"1a1c01bbd47fc00a2c39e90264f33305004495a9","hash":"0e206cfcb646ca943c945d62ce2c95f5bfa04daa"}
,"/home/rashid/Music/nepserv/tasks/back/src/helpers/logger.js": {"path":"/home/rashid/Music/nepserv/tasks/back/src/helpers/logger.js","statementMap":{"0":{"start":{"line":3,"column":15},"end":{"line":6,"column":2}},"1":{"start":{"line":8,"column":0},"end":{"line":8,"column":24}}},"fnMap":{},"branchMap":{},"s":{"0":1,"1":1},"f":{},"b":{},"_coverageSchema":"1a1c01bbd47fc00a2c39e90264f33305004495a9","hash":"d405c83964079e194bbcccf08f0063582762b3ff"}
,"/home/rashid/Music/nepserv/tasks/back/src/middleware/auth.js": {"path":"/home/rashid/Music/nepserv/tasks/back/src/middleware/auth.js","statementMap":{"0":{"start":{"line":1,"column":12},"end":{"line":1,"column":35}},"1":{"start":{"line":2,"column":15},"end":{"line":2,"column":32}},"2":{"start":{"line":4,"column":13},"end":{"line":17,"column":1}},"3":{"start":{"line":5,"column":16},"end":{"line":5,"column":42}},"4":{"start":{"line":6,"column":2},"end":{"line":8,"column":3}},"5":{"start":{"line":7,"column":4},"end":{"line":7,"column":80}},"6":{"start":{"line":10,"column":2},"end":{"line":16,"column":3}},"7":{"start":{"line":11,"column":20},"end":{"line":11,"column":62}},"8":{"start":{"line":12,"column":4},"end":{"line":12,"column":23}},"9":{"start":{"line":13,"column":4},"end":{"line":13,"column":11}},"10":{"start":{"line":15,"column":4},"end":{"line":15,"column":55}},"11":{"start":{"line":19,"column":0},"end":{"line":19,"column":22}}},"fnMap":{"0":{"name":"(anonymous_0)","decl":{"start":{"line":4,"column":13},"end":{"line":4,"column":14}},"loc":{"start":{"line":4,"column":33},"end":{"line":17,"column":1}},"line":4}},"branchMap":{"0":{"loc":{"start":{"line":6,"column":2},"end":{"line":8,"column":3}},"type":"if","locations":[{"start":{"line":6,"column":2},"end":{"line":8,"column":3}},{"start":{"line":6,"column":2},"end":{"line":8,"column":3}}],"line":6}},"s":{"0":1,"1":1,"2":1,"3":5,"4":5,"5":0,"6":5,"7":5,"8":5,"9":5,"10":0,"11":1},"f":{"0":5},"b":{"0":[0,5]},"_coverageSchema":"1a1c01bbd47fc00a2c39e90264f33305004495a9","hash":"bcdc3b0659ede6da313f76490753e9fdac0eaf4a"}
,"/home/rashid/Music/nepserv/tasks/back/src/startups/errors.js": {"path":"/home/rashid/Music/nepserv/tasks/back/src/startups/errors.js","statementMap":{"0":{"start":{"line":3,"column":0},"end":{"line":26,"column":2}},"1":{"start":{"line":5,"column":2},"end":{"line":8,"column":5}},"2":{"start":{"line":6,"column":4},"end":{"line":6,"column":37}},"3":{"start":{"line":7,"column":4},"end":{"line":7,"column":20}},"4":{"start":{"line":10,"column":2},"end":{"line":13,"column":5}},"5":{"start":{"line":11,"column":4},"end":{"line":11,"column":37}},"6":{"start":{"line":12,"column":4},"end":{"line":12,"column":20}},"7":{"start":{"line":16,"column":15},"end":{"line":18,"column":4}},"8":{"start":{"line":19,"column":2},"end":{"line":25,"column":3}},"9":{"start":{"line":20,"column":4},"end":{"line":24,"column":6}}},"fnMap":{"0":{"name":"(anonymous_0)","decl":{"start":{"line":3,"column":17},"end":{"line":3,"column":18}},"loc":{"start":{"line":3,"column":23},"end":{"line":26,"column":1}},"line":3},"1":{"name":"(anonymous_1)","decl":{"start":{"line":5,"column":34},"end":{"line":5,"column":35}},"loc":{"start":{"line":5,"column":42},"end":{"line":8,"column":3}},"line":5},"2":{"name":"(anonymous_2)","decl":{"start":{"line":10,"column":35},"end":{"line":10,"column":36}},"loc":{"start":{"line":10,"column":43},"end":{"line":13,"column":3}},"line":10}},"branchMap":{"0":{"loc":{"start":{"line":19,"column":2},"end":{"line":25,"column":3}},"type":"if","locations":[{"start":{"line":19,"column":2},"end":{"line":25,"column":3}},{"start":{"line":19,"column":2},"end":{"line":25,"column":3}}],"line":19}},"s":{"0":1,"1":1,"2":0,"3":0,"4":1,"5":0,"6":0,"7":1,"8":1,"9":0},"f":{"0":1,"1":0,"2":0},"b":{"0":[0,1]},"_coverageSchema":"1a1c01bbd47fc00a2c39e90264f33305004495a9","hash":"3f249ab63d06286d78d7498bdd3f51f9812e9023"}
,"/home/rashid/Music/nepserv/tasks/back/src/startups/startup.js": {"path":"/home/rashid/Music/nepserv/tasks/back/src/startups/startup.js","statementMap":{"0":{"start":{"line":16,"column":0},"end":{"line":16,"column":32}},"1":{"start":{"line":18,"column":0},"end":{"line":43,"column":2}},"2":{"start":{"line":19,"column":2},"end":{"line":19,"column":25}},"3":{"start":{"line":20,"column":2},"end":{"line":20,"column":18}},"4":{"start":{"line":21,"column":2},"end":{"line":21,"column":20}},"5":{"start":{"line":22,"column":2},"end":{"line":22,"column":26}},"6":{"start":{"line":23,"column":2},"end":{"line":23,"column":50}},"7":{"start":{"line":25,"column":2},"end":{"line":27,"column":3}},"8":{"start":{"line":26,"column":4},"end":{"line":26,"column":28}},"9":{"start":{"line":29,"column":2},"end":{"line":32,"column":4}},"10":{"start":{"line":34,"column":2},"end":{"line":34,"column":55}},"11":{"start":{"line":34,"column":29},"end":{"line":34,"column":53}},"12":{"start":{"line":35,"column":2},"end":{"line":35,"column":25}},"13":{"start":{"line":36,"column":2},"end":{"line":36,"column":26}},"14":{"start":{"line":37,"column":2},"end":{"line":37,"column":27}},"15":{"start":{"line":38,"column":2},"end":{"line":38,"column":31}},"16":{"start":{"line":39,"column":2},"end":{"line":39,"column":35}},"17":{"start":{"line":40,"column":2},"end":{"line":40,"column":32}},"18":{"start":{"line":41,"column":2},"end":{"line":41,"column":29}},"19":{"start":{"line":42,"column":2},"end":{"line":42,"column":39}}},"fnMap":{"0":{"name":"(anonymous_0)","decl":{"start":{"line":18,"column":17},"end":{"line":18,"column":18}},"loc":{"start":{"line":18,"column":26},"end":{"line":43,"column":1}},"line":18},"1":{"name":"(anonymous_1)","decl":{"start":{"line":34,"column":15},"end":{"line":34,"column":16}},"loc":{"start":{"line":34,"column":29},"end":{"line":34,"column":53}},"line":34}},"branchMap":{"0":{"loc":{"start":{"line":25,"column":2},"end":{"line":27,"column":3}},"type":"if","locations":[{"start":{"line":25,"column":2},"end":{"line":27,"column":3}},{"start":{"line":25,"column":2},"end":{"line":27,"column":3}}],"line":25}},"s":{"0":1,"1":1,"2":1,"3":1,"4":1,"5":1,"6":1,"7":1,"8":0,"9":1,"10":1,"11":0,"12":1,"13":1,"14":1,"15":1,"16":1,"17":1,"18":1,"19":1},"f":{"0":1,"1":0},"b":{"0":[0,1]},"_coverageSchema":"1a1c01bbd47fc00a2c39e90264f33305004495a9","hash":"3e5e320224f8d11f09d13b2a85503454561bfcce"}
,"/home/rashid/Music/nepserv/tasks/back/src/validation/authValidate.js": {"path":"/home/rashid/Music/nepserv/tasks/back/src/validation/authValidate.js","statementMap":{"0":{"start":{"line":3,"column":21},"end":{"line":36,"column":1}},"1":{"start":{"line":5,"column":19},"end":{"line":11,"column":6}},"2":{"start":{"line":12,"column":4},"end":{"line":12,"column":36}},"3":{"start":{"line":15,"column":19},"end":{"line":18,"column":6}},"4":{"start":{"line":19,"column":4},"end":{"line":19,"column":36}},"5":{"start":{"line":22,"column":19},"end":{"line":25,"column":6}},"6":{"start":{"line":26,"column":4},"end":{"line":26,"column":36}},"7":{"start":{"line":29,"column":19},"end":{"line":33,"column":6}},"8":{"start":{"line":34,"column":4},"end":{"line":34,"column":36}}},"fnMap":{"0":{"name":"(anonymous_0)","decl":{"start":{"line":4,"column":2},"end":{"line":4,"column":3}},"loc":{"start":{"line":4,"column":25},"end":{"line":13,"column":3}},"line":4},"1":{"name":"(anonymous_1)","decl":{"start":{"line":14,"column":2},"end":{"line":14,"column":3}},"loc":{"start":{"line":14,"column":25},"end":{"line":20,"column":3}},"line":14},"2":{"name":"(anonymous_2)","decl":{"start":{"line":21,"column":2},"end":{"line":21,"column":3}},"loc":{"start":{"line":21,"column":34},"end":{"line":27,"column":3}},"line":21},"3":{"name":"(anonymous_3)","decl":{"start":{"line":28,"column":2},"end":{"line":28,"column":3}},"loc":{"start":{"line":28,"column":30},"end":{"line":35,"column":3}},"line":28}},"branchMap":{},"s":{"0":1,"1":25,"2":25,"3":14,"4":14,"5":3,"6":3,"7":4,"8":4},"f":{"0":25,"1":14,"2":3,"3":4},"b":{},"_coverageSchema":"1a1c01bbd47fc00a2c39e90264f33305004495a9","hash":"9e3891b9112cff5861c184896bc8ab8ee2889345"}
,"/home/rashid/Music/nepserv/tasks/back/src/validation/institutionValidation.js": {"path":"/home/rashid/Music/nepserv/tasks/back/src/validation/institutionValidation.js","statementMap":{"0":{"start":{"line":3,"column":28},"end":{"line":35,"column":1}},"1":{"start":{"line":5,"column":19},"end":{"line":14,"column":6}},"2":{"start":{"line":15,"column":4},"end":{"line":15,"column":36}},"3":{"start":{"line":19,"column":19},"end":{"line":21,"column":6}},"4":{"start":{"line":22,"column":4},"end":{"line":22,"column":36}},"5":{"start":{"line":26,"column":19},"end":{"line":32,"column":6}},"6":{"start":{"line":33,"column":4},"end":{"line":33,"column":36}}},"fnMap":{"0":{"name":"(anonymous_0)","decl":{"start":{"line":4,"column":2},"end":{"line":4,"column":3}},"loc":{"start":{"line":4,"column":25},"end":{"line":16,"column":3}},"line":4},"1":{"name":"(anonymous_1)","decl":{"start":{"line":18,"column":2},"end":{"line":18,"column":3}},"loc":{"start":{"line":18,"column":32},"end":{"line":23,"column":3}},"line":18},"2":{"name":"(anonymous_2)","decl":{"start":{"line":25,"column":2},"end":{"line":25,"column":3}},"loc":{"start":{"line":25,"column":26},"end":{"line":34,"column":3}},"line":25}},"branchMap":{},"s":{"0":1,"1":0,"2":0,"3":0,"4":0,"5":0,"6":0},"f":{"0":0,"1":0,"2":0},"b":{},"_coverageSchema":"1a1c01bbd47fc00a2c39e90264f33305004495a9","hash":"8e16b93c54e3ea4371ec739632bd0651e2b345c9"}
,"/home/rashid/Music/nepserv/tasks/back/src/validation/issuesValidation.js": {"path":"/home/rashid/Music/nepserv/tasks/back/src/validation/issuesValidation.js","statementMap":{"0":{"start":{"line":3,"column":24},"end":{"line":26,"column":1}},"1":{"start":{"line":5,"column":19},"end":{"line":12,"column":6}},"2":{"start":{"line":13,"column":4},"end":{"line":13,"column":36}},"3":{"start":{"line":17,"column":19},"end":{"line":23,"column":6}},"4":{"start":{"line":24,"column":4},"end":{"line":24,"column":36}}},"fnMap":{"0":{"name":"(anonymous_0)","decl":{"start":{"line":4,"column":2},"end":{"line":4,"column":3}},"loc":{"start":{"line":4,"column":33},"end":{"line":14,"column":3}},"line":4},"1":{"name":"(anonymous_1)","decl":{"start":{"line":16,"column":2},"end":{"line":16,"column":3}},"loc":{"start":{"line":16,"column":31},"end":{"line":25,"column":3}},"line":16}},"branchMap":{},"s":{"0":1,"1":0,"2":0,"3":0,"4":0},"f":{"0":0,"1":0},"b":{},"_coverageSchema":"1a1c01bbd47fc00a2c39e90264f33305004495a9","hash":"9e39b6e92004a85a6218fc6727e416c74d86fba5"}
,"/home/rashid/Music/nepserv/tasks/back/src/validation/productValidation.js": {"path":"/home/rashid/Music/nepserv/tasks/back/src/validation/productValidation.js","statementMap":{"0":{"start":{"line":3,"column":24},"end":{"line":12,"column":1}},"1":{"start":{"line":5,"column":19},"end":{"line":9,"column":6}},"2":{"start":{"line":10,"column":4},"end":{"line":10,"column":36}}},"fnMap":{"0":{"name":"(anonymous_0)","decl":{"start":{"line":4,"column":2},"end":{"line":4,"column":3}},"loc":{"start":{"line":4,"column":35},"end":{"line":11,"column":3}},"line":4}},"branchMap":{},"s":{"0":1,"1":0,"2":0},"f":{"0":0},"b":{},"_coverageSchema":"1a1c01bbd47fc00a2c39e90264f33305004495a9","hash":"d552b0d06d1e03c13fd31f4be052b89ddac5b840"}
,"/home/rashid/Music/nepserv/tasks/back/src/validation/rolesValidation.js": {"path":"/home/rashid/Music/nepserv/tasks/back/src/validation/rolesValidation.js","statementMap":{"0":{"start":{"line":3,"column":21},"end":{"line":10,"column":1}},"1":{"start":{"line":5,"column":23},"end":{"line":7,"column":10}},"2":{"start":{"line":8,"column":8},"end":{"line":8,"column":40}}},"fnMap":{"0":{"name":"(anonymous_0)","decl":{"start":{"line":4,"column":4},"end":{"line":4,"column":5}},"loc":{"start":{"line":4,"column":27},"end":{"line":9,"column":5}},"line":4}},"branchMap":{},"s":{"0":1,"1":0,"2":0},"f":{"0":0},"b":{},"_coverageSchema":"1a1c01bbd47fc00a2c39e90264f33305004495a9","hash":"4ad6814087c74b3caf9668b77081a684e999a530"}
,"/home/rashid/Music/nepserv/tasks/back/src/validation/validateComment.js": {"path":"/home/rashid/Music/nepserv/tasks/back/src/validation/validateComment.js","statementMap":{"0":{"start":{"line":3,"column":24},"end":{"line":11,"column":1}},"1":{"start":{"line":5,"column":19},"end":{"line":7,"column":6}},"2":{"start":{"line":9,"column":4},"end":{"line":9,"column":36}}},"fnMap":{"0":{"name":"(anonymous_0)","decl":{"start":{"line":4,"column":2},"end":{"line":4,"column":3}},"loc":{"start":{"line":4,"column":27},"end":{"line":10,"column":3}},"line":4}},"branchMap":{},"s":{"0":1,"1":0,"2":0},"f":{"0":0},"b":{},"_coverageSchema":"1a1c01bbd47fc00a2c39e90264f33305004495a9","hash":"82e974038601112487cf18a3b2265e6070fec201"}
,"/home/rashid/Music/nepserv/tasks/back/src/validation/validateTasks.js": {"path":"/home/rashid/Music/nepserv/tasks/back/src/validation/validateTasks.js","statementMap":{"0":{"start":{"line":1,"column":12},"end":{"line":1,"column":55}},"1":{"start":{"line":3,"column":22},"end":{"line":40,"column":1}},"2":{"start":{"line":5,"column":19},"end":{"line":12,"column":6}},"3":{"start":{"line":14,"column":4},"end":{"line":14,"column":36}},"4":{"start":{"line":18,"column":19},"end":{"line":20,"column":6}},"5":{"start":{"line":22,"column":4},"end":{"line":22,"column":36}},"6":{"start":{"line":25,"column":19},"end":{"line":27,"column":6}},"7":{"start":{"line":29,"column":4},"end":{"line":29,"column":36}},"8":{"start":{"line":33,"column":19},"end":{"line":36,"column":6}},"9":{"start":{"line":38,"column":4},"end":{"line":38,"column":36}}},"fnMap":{"0":{"name":"(anonymous_0)","decl":{"start":{"line":4,"column":2},"end":{"line":4,"column":3}},"loc":{"start":{"line":4,"column":27},"end":{"line":15,"column":3}},"line":4},"1":{"name":"(anonymous_1)","decl":{"start":{"line":17,"column":2},"end":{"line":17,"column":3}},"loc":{"start":{"line":17,"column":32},"end":{"line":23,"column":3}},"line":17},"2":{"name":"(anonymous_2)","decl":{"start":{"line":24,"column":2},"end":{"line":24,"column":3}},"loc":{"start":{"line":24,"column":36},"end":{"line":30,"column":3}},"line":24},"3":{"name":"(anonymous_3)","decl":{"start":{"line":32,"column":2},"end":{"line":32,"column":3}},"loc":{"start":{"line":32,"column":34},"end":{"line":39,"column":3}},"line":32}},"branchMap":{},"s":{"0":1,"1":1,"2":0,"3":0,"4":0,"5":0,"6":0,"7":0,"8":0,"9":0},"f":{"0":0,"1":0,"2":0,"3":0},"b":{},"_coverageSchema":"1a1c01bbd47fc00a2c39e90264f33305004495a9","hash":"c7ed19573418ac965d9ec307be08f86ea9e532d3"}
}
